0 verbose cli /Users/bethegnt/.nvm/versions/node/v22.11.0/bin/node /Users/bethegnt/.nvm/versions/node/v22.11.0/bin/npm
1 info using npm@10.9.0
2 info using node@v22.11.0
3 silly config load:file:/Users/bethegnt/.nvm/versions/node/v22.11.0/lib/node_modules/npm/npmrc
4 silly config load:file:/Users/bethegnt/Documents/app/.npmrc
5 silly config load:file:/Users/bethegnt/.npmrc
6 silly config load:file:/Users/bethegnt/.nvm/versions/node/v22.11.0/etc/npmrc
7 verbose title npm install framer-motion recharts lucide-react clsx tailwind-merge
8 verbose argv "install" "framer-motion" "recharts" "lucide-react" "clsx" "tailwind-merge"
9 verbose logfile logs-max:10 dir:/Users/bethegnt/.npm/_logs/2025-11-19T16_52_18_573Z-
10 verbose logfile /Users/bethegnt/.npm/_logs/2025-11-19T16_52_18_573Z-debug-0.log
11 silly logfile start cleaning logs, removing 1 files
12 silly packumentCache heap:2197815296 maxSize:549453824 maxEntrySize:274726912
13 silly idealTree buildDeps
14 silly fetch manifest framer-motion@*
15 silly packumentCache full:https://registry.npmjs.org/framer-motion cache-miss
16 silly logfile done cleaning log files
17 http fetch GET 200 https://registry.npmjs.org/framer-motion 266ms (cache miss)
18 silly packumentCache full:https://registry.npmjs.org/framer-motion set size:undefined disposed:false
19 silly fetch manifest @emotion/is-prop-valid@*
20 silly packumentCache full:https://registry.npmjs.org/@emotion%2fis-prop-valid cache-miss
21 http fetch GET 200 https://registry.npmjs.org/@emotion%2fis-prop-valid 407ms (cache miss)
22 silly packumentCache full:https://registry.npmjs.org/@emotion%2fis-prop-valid set size:undefined disposed:false
23 silly fetch manifest react@^19.2.0
24 silly packumentCache full:https://registry.npmjs.org/react cache-miss
25 http fetch GET 200 https://registry.npmjs.org/react 23ms (cache hit)
26 silly packumentCache full:https://registry.npmjs.org/react set size:6275968 disposed:false
27 silly fetch manifest react-dom@^19.2.0
28 silly packumentCache full:https://registry.npmjs.org/react-dom cache-miss
29 http fetch GET 200 https://registry.npmjs.org/react-dom 17ms (cache hit)
30 silly packumentCache full:https://registry.npmjs.org/react-dom set size:8226554 disposed:false
31 silly fetch manifest recharts@*
32 silly packumentCache full:https://registry.npmjs.org/recharts cache-miss
33 http fetch GET 200 https://registry.npmjs.org/recharts 66ms (cache miss)
34 silly packumentCache full:https://registry.npmjs.org/recharts set size:undefined disposed:false
35 silly fetch manifest react-is@^16.8.0 || ^17.0.0 || ^18.0.0 || ^19.0.0
36 silly packumentCache full:https://registry.npmjs.org/react-is cache-miss
37 http fetch GET 200 https://registry.npmjs.org/react-is 128ms (cache miss)
38 silly packumentCache full:https://registry.npmjs.org/react-is set size:undefined disposed:false
39 silly fetch manifest lucide-react@*
40 silly packumentCache full:https://registry.npmjs.org/lucide-react cache-miss
41 http fetch GET 200 https://registry.npmjs.org/lucide-react 56ms (cache miss)
42 silly packumentCache full:https://registry.npmjs.org/lucide-react set size:undefined disposed:false
43 silly fetch manifest clsx@*
44 silly packumentCache full:https://registry.npmjs.org/clsx cache-miss
45 http fetch GET 200 https://registry.npmjs.org/clsx 52ms (cache miss)
46 silly packumentCache full:https://registry.npmjs.org/clsx set size:undefined disposed:false
47 silly fetch manifest tailwind-merge@*
48 silly packumentCache full:https://registry.npmjs.org/tailwind-merge cache-miss
49 http fetch GET 200 https://registry.npmjs.org/tailwind-merge 110ms (cache miss)
50 silly packumentCache full:https://registry.npmjs.org/tailwind-merge set size:undefined disposed:false
51 silly placeDep ROOT clsx@2.1.1 OK for: app@0.0.0 want: *
52 silly placeDep ROOT framer-motion@12.23.24 OK for: app@0.0.0 want: *
53 silly placeDep ROOT lucide-react@0.554.0 OK for: app@0.0.0 want: *
54 silly placeDep ROOT recharts@3.4.1 OK for: app@0.0.0 want: *
55 silly placeDep ROOT react-is@19.2.0 OK for: recharts@3.4.1 want: ^16.8.0 || ^17.0.0 || ^18.0.0 || ^19.0.0
56 silly placeDep ROOT tailwind-merge@3.4.0 OK for: app@0.0.0 want: *
57 silly fetch manifest tslib@^2.4.0
58 silly packumentCache full:https://registry.npmjs.org/tslib cache-miss
59 silly fetch manifest motion-dom@^12.23.23
60 silly packumentCache full:https://registry.npmjs.org/motion-dom cache-miss
61 silly fetch manifest motion-utils@^12.23.6
62 silly packumentCache full:https://registry.npmjs.org/motion-utils cache-miss
63 silly fetch manifest @reduxjs/toolkit@1.x.x || 2.x.x
64 silly packumentCache full:https://registry.npmjs.org/@reduxjs%2ftoolkit cache-miss
65 silly fetch manifest decimal.js-light@^2.5.1
66 silly packumentCache full:https://registry.npmjs.org/decimal.js-light cache-miss
67 silly fetch manifest es-toolkit@^1.39.3
68 silly packumentCache full:https://registry.npmjs.org/es-toolkit cache-miss
69 silly fetch manifest eventemitter3@^5.0.1
70 silly packumentCache full:https://registry.npmjs.org/eventemitter3 cache-miss
71 http fetch GET 200 https://registry.npmjs.org/motion-dom 83ms (cache miss)
72 silly packumentCache full:https://registry.npmjs.org/motion-dom set size:undefined disposed:false
73 silly fetch manifest immer@^10.1.1
74 silly packumentCache full:https://registry.npmjs.org/immer cache-miss
75 http fetch GET 200 https://registry.npmjs.org/motion-utils 115ms (cache miss)
76 silly packumentCache full:https://registry.npmjs.org/motion-utils set size:undefined disposed:false
77 silly fetch manifest react-redux@8.x.x || 9.x.x
78 silly packumentCache full:https://registry.npmjs.org/react-redux cache-miss
79 http fetch GET 200 https://registry.npmjs.org/decimal.js-light 121ms (cache miss)
80 silly packumentCache full:https://registry.npmjs.org/decimal.js-light set size:undefined disposed:false
81 silly fetch manifest reselect@5.1.1
82 silly packumentCache full:https://registry.npmjs.org/reselect cache-miss
83 http fetch GET 200 https://registry.npmjs.org/tslib 123ms (cache miss)
84 silly packumentCache full:https://registry.npmjs.org/tslib set size:undefined disposed:false
85 silly fetch manifest tiny-invariant@^1.3.3
86 silly packumentCache full:https://registry.npmjs.org/tiny-invariant cache-miss
87 http fetch GET 200 https://registry.npmjs.org/eventemitter3 157ms (cache miss)
88 silly packumentCache full:https://registry.npmjs.org/eventemitter3 set size:undefined disposed:false
89 silly fetch manifest use-sync-external-store@^1.2.2
90 silly packumentCache full:https://registry.npmjs.org/use-sync-external-store cache-miss
91 http fetch GET 200 https://registry.npmjs.org/immer 77ms (cache miss)
92 silly packumentCache full:https://registry.npmjs.org/immer set size:undefined disposed:false
93 silly fetch manifest victory-vendor@^37.0.2
94 silly packumentCache full:https://registry.npmjs.org/victory-vendor cache-miss
95 http fetch GET 200 https://registry.npmjs.org/@reduxjs%2ftoolkit 208ms (cache miss)
96 silly packumentCache full:https://registry.npmjs.org/@reduxjs%2ftoolkit set size:undefined disposed:false
97 http fetch GET 200 https://registry.npmjs.org/tiny-invariant 93ms (cache miss)
98 silly packumentCache full:https://registry.npmjs.org/tiny-invariant set size:undefined disposed:false
99 http fetch GET 200 https://registry.npmjs.org/reselect 100ms (cache miss)
100 silly packumentCache full:https://registry.npmjs.org/reselect set size:undefined disposed:false
101 http fetch GET 200 https://registry.npmjs.org/react-redux 112ms (cache miss)
102 silly packumentCache full:https://registry.npmjs.org/react-redux set size:undefined disposed:false
103 http fetch GET 200 https://registry.npmjs.org/victory-vendor 84ms (cache miss)
104 silly packumentCache full:https://registry.npmjs.org/victory-vendor set size:undefined disposed:false
105 http fetch GET 200 https://registry.npmjs.org/es-toolkit 281ms (cache miss)
106 silly packumentCache full:https://registry.npmjs.org/es-toolkit set size:undefined disposed:false
107 http fetch GET 200 https://registry.npmjs.org/use-sync-external-store 205ms (cache miss)
108 silly packumentCache full:https://registry.npmjs.org/use-sync-external-store set size:undefined disposed:false
109 silly placeDep ROOT motion-dom@12.23.23 OK for: framer-motion@12.23.24 want: ^12.23.23
110 silly placeDep ROOT motion-utils@12.23.6 OK for: framer-motion@12.23.24 want: ^12.23.6
111 silly placeDep ROOT tslib@2.8.1 OK for: framer-motion@12.23.24 want: ^2.4.0
112 silly fetch manifest react@^16.8.0 || ^17.0.0 || ^18.0.0 || ^19.0.0
113 silly packumentCache full:https://registry.npmjs.org/react cache-miss
114 http fetch GET 200 https://registry.npmjs.org/react 10ms (cache hit)
115 silly packumentCache full:https://registry.npmjs.org/react set size:6275968 disposed:false
116 silly fetch manifest @types/react@^18.2.25 || ^19
117 silly packumentCache full:https://registry.npmjs.org/@types%2freact cache-miss
118 http fetch GET 200 https://registry.npmjs.org/@types%2freact 14ms (cache hit)
119 silly packumentCache full:https://registry.npmjs.org/@types%2freact set size:2537352 disposed:false
120 silly fetch manifest redux@^5.0.0
121 silly packumentCache full:https://registry.npmjs.org/redux cache-miss
122 http fetch GET 200 https://registry.npmjs.org/redux 44ms (cache miss)
123 silly packumentCache full:https://registry.npmjs.org/redux set size:undefined disposed:false
124 silly placeDep ROOT @reduxjs/toolkit@2.10.1 OK for: recharts@3.4.1 want: 1.x.x || 2.x.x
125 silly placeDep ROOT decimal.js-light@2.5.1 OK for: recharts@3.4.1 want: ^2.5.1
126 silly placeDep ROOT es-toolkit@1.42.0 OK for: recharts@3.4.1 want: ^1.39.3
127 silly placeDep ROOT eventemitter3@5.0.1 OK for: recharts@3.4.1 want: ^5.0.1
128 silly placeDep ROOT immer@10.2.0 OK for: recharts@3.4.1 want: ^10.1.1
129 silly placeDep ROOT react-redux@9.2.0 OK for: recharts@3.4.1 want: 8.x.x || 9.x.x
130 silly placeDep ROOT reselect@5.1.1 OK for: recharts@3.4.1 want: 5.1.1
131 silly placeDep ROOT tiny-invariant@1.3.3 OK for: recharts@3.4.1 want: ^1.3.3
132 silly placeDep ROOT use-sync-external-store@1.6.0 OK for: recharts@3.4.1 want: ^1.2.2
133 silly placeDep ROOT victory-vendor@37.3.6 OK for: recharts@3.4.1 want: ^37.0.2
134 silly fetch manifest @standard-schema/spec@^1.0.0
135 silly packumentCache full:https://registry.npmjs.org/@standard-schema%2fspec cache-miss
136 silly fetch manifest @standard-schema/utils@^0.3.0
137 silly packumentCache full:https://registry.npmjs.org/@standard-schema%2futils cache-miss
138 silly fetch manifest immer@^10.2.0
139 silly packumentCache full:https://registry.npmjs.org/immer cache-miss
140 silly fetch manifest redux@^5.0.1
141 silly packumentCache full:https://registry.npmjs.org/redux cache-miss
142 silly fetch manifest redux-thunk@^3.1.0
143 silly packumentCache full:https://registry.npmjs.org/redux-thunk cache-miss
144 silly fetch manifest reselect@^5.1.0
145 silly packumentCache full:https://registry.npmjs.org/reselect cache-miss
146 silly fetch manifest @types/use-sync-external-store@^0.0.6
147 silly packumentCache full:https://registry.npmjs.org/@types%2fuse-sync-external-store cache-miss
148 http fetch GET 200 https://registry.npmjs.org/redux 7ms (cache hit)
149 silly packumentCache full:https://registry.npmjs.org/redux set size:553833 disposed:false
150 silly fetch manifest use-sync-external-store@^1.4.0
151 silly packumentCache full:https://registry.npmjs.org/use-sync-external-store cache-miss
152 http fetch GET 200 https://registry.npmjs.org/immer 12ms (cache hit)
153 silly packumentCache full:https://registry.npmjs.org/immer set size:726169 disposed:false
154 silly fetch manifest @types/d3-array@^3.0.3
155 silly packumentCache full:https://registry.npmjs.org/@types%2fd3-array cache-miss
156 http fetch GET 200 https://registry.npmjs.org/reselect 17ms (cache hit)
157 silly packumentCache full:https://registry.npmjs.org/reselect set size:910470 disposed:false
158 silly fetch manifest @types/d3-ease@^3.0.0
159 silly packumentCache full:https://registry.npmjs.org/@types%2fd3-ease cache-miss
160 http fetch GET 200 https://registry.npmjs.org/use-sync-external-store 20ms (cache hit)
161 silly packumentCache full:https://registry.npmjs.org/use-sync-external-store set size:4289079 disposed:false
162 silly fetch manifest @types/d3-interpolate@^3.0.1
163 silly packumentCache full:https://registry.npmjs.org/@types%2fd3-interpolate cache-miss
164 http fetch GET 200 https://registry.npmjs.org/@types%2fuse-sync-external-store 51ms (cache miss)
165 silly packumentCache full:https://registry.npmjs.org/@types%2fuse-sync-external-store set size:undefined disposed:false
166 silly fetch manifest @types/d3-scale@^4.0.2
167 silly packumentCache full:https://registry.npmjs.org/@types%2fd3-scale cache-miss
168 http fetch GET 200 https://registry.npmjs.org/@standard-schema%2futils 53ms (cache miss)
169 silly packumentCache full:https://registry.npmjs.org/@standard-schema%2futils set size:undefined disposed:false
170 silly fetch manifest @types/d3-shape@^3.1.0
171 silly packumentCache full:https://registry.npmjs.org/@types%2fd3-shape cache-miss
172 http fetch GET 200 https://registry.npmjs.org/redux-thunk 55ms (cache miss)
173 silly packumentCache full:https://registry.npmjs.org/redux-thunk set size:undefined disposed:false
174 silly fetch manifest @types/d3-time@^3.0.0
175 silly packumentCache full:https://registry.npmjs.org/@types%2fd3-time cache-miss
176 http fetch GET 200 https://registry.npmjs.org/@standard-schema%2fspec 60ms (cache miss)
177 silly packumentCache full:https://registry.npmjs.org/@standard-schema%2fspec set size:undefined disposed:false
178 silly fetch manifest @types/d3-timer@^3.0.0
179 silly packumentCache full:https://registry.npmjs.org/@types%2fd3-timer cache-miss
180 http fetch GET 200 https://registry.npmjs.org/@types%2fd3-array 59ms (cache miss)
181 silly packumentCache full:https://registry.npmjs.org/@types%2fd3-array set size:undefined disposed:false
182 silly fetch manifest d3-array@^3.1.6
183 silly packumentCache full:https://registry.npmjs.org/d3-array cache-miss
184 http fetch GET 200 https://registry.npmjs.org/@types%2fd3-ease 60ms (cache miss)
185 silly packumentCache full:https://registry.npmjs.org/@types%2fd3-ease set size:undefined disposed:false
186 silly fetch manifest d3-ease@^3.0.1
187 silly packumentCache full:https://registry.npmjs.org/d3-ease cache-miss
188 http fetch GET 200 https://registry.npmjs.org/@types%2fd3-interpolate 45ms (cache miss)
189 silly packumentCache full:https://registry.npmjs.org/@types%2fd3-interpolate set size:undefined disposed:false
190 silly fetch manifest d3-interpolate@^3.0.1
191 silly packumentCache full:https://registry.npmjs.org/d3-interpolate cache-miss
192 http fetch GET 200 https://registry.npmjs.org/@types%2fd3-time 44ms (cache miss)
193 silly packumentCache full:https://registry.npmjs.org/@types%2fd3-time set size:undefined disposed:false
194 silly fetch manifest d3-scale@^4.0.2
195 silly packumentCache full:https://registry.npmjs.org/d3-scale cache-miss
196 http fetch GET 200 https://registry.npmjs.org/@types%2fd3-scale 51ms (cache miss)
197 silly packumentCache full:https://registry.npmjs.org/@types%2fd3-scale set size:undefined disposed:false
198 silly fetch manifest d3-shape@^3.1.0
199 silly packumentCache full:https://registry.npmjs.org/d3-shape cache-miss
200 http fetch GET 200 https://registry.npmjs.org/@types%2fd3-timer 51ms (cache miss)
201 silly packumentCache full:https://registry.npmjs.org/@types%2fd3-timer set size:undefined disposed:false
202 silly fetch manifest d3-time@^3.0.0
203 silly packumentCache full:https://registry.npmjs.org/d3-time cache-miss
204 http fetch GET 200 https://registry.npmjs.org/d3-array 38ms (cache miss)
205 silly packumentCache full:https://registry.npmjs.org/d3-array set size:undefined disposed:false
206 silly fetch manifest d3-timer@^3.0.1
207 silly packumentCache full:https://registry.npmjs.org/d3-timer cache-miss
208 http fetch GET 200 https://registry.npmjs.org/@types%2fd3-shape 64ms (cache miss)
209 silly packumentCache full:https://registry.npmjs.org/@types%2fd3-shape set size:undefined disposed:false
210 http fetch GET 200 https://registry.npmjs.org/d3-ease 39ms (cache miss)
211 silly packumentCache full:https://registry.npmjs.org/d3-ease set size:undefined disposed:false
212 http fetch GET 200 https://registry.npmjs.org/d3-interpolate 41ms (cache miss)
213 silly packumentCache full:https://registry.npmjs.org/d3-interpolate set size:undefined disposed:false
214 http fetch GET 200 https://registry.npmjs.org/d3-scale 44ms (cache miss)
215 silly packumentCache full:https://registry.npmjs.org/d3-scale set size:undefined disposed:false
216 http fetch GET 200 https://registry.npmjs.org/d3-time 38ms (cache miss)
217 silly packumentCache full:https://registry.npmjs.org/d3-time set size:undefined disposed:false
218 http fetch GET 200 https://registry.npmjs.org/d3-timer 41ms (cache miss)
219 silly packumentCache full:https://registry.npmjs.org/d3-timer set size:undefined disposed:false
220 http fetch GET 200 https://registry.npmjs.org/d3-shape 52ms (cache miss)
221 silly packumentCache full:https://registry.npmjs.org/d3-shape set size:undefined disposed:false
222 silly placeDep ROOT @standard-schema/spec@1.0.0 OK for: @reduxjs/toolkit@2.10.1 want: ^1.0.0
223 silly placeDep ROOT @standard-schema/utils@0.3.0 OK for: @reduxjs/toolkit@2.10.1 want: ^0.3.0
224 silly placeDep ROOT redux@5.0.1 OK for: @reduxjs/toolkit@2.10.1 want: ^5.0.1
225 silly placeDep ROOT redux-thunk@3.1.0 OK for: @reduxjs/toolkit@2.10.1 want: ^3.1.0
226 silly placeDep ROOT @types/use-sync-external-store@0.0.6 OK for: react-redux@9.2.0 want: ^0.0.6
227 silly placeDep ROOT @types/d3-array@3.2.2 OK for: victory-vendor@37.3.6 want: ^3.0.3
228 silly placeDep ROOT @types/d3-ease@3.0.2 OK for: victory-vendor@37.3.6 want: ^3.0.0
229 silly placeDep ROOT @types/d3-interpolate@3.0.4 OK for: victory-vendor@37.3.6 want: ^3.0.1
230 silly placeDep ROOT @types/d3-scale@4.0.9 OK for: victory-vendor@37.3.6 want: ^4.0.2
231 silly placeDep ROOT @types/d3-shape@3.1.7 OK for: victory-vendor@37.3.6 want: ^3.1.0
232 silly placeDep ROOT @types/d3-time@3.0.4 OK for: victory-vendor@37.3.6 want: ^3.0.0
233 silly placeDep ROOT @types/d3-timer@3.0.2 OK for: victory-vendor@37.3.6 want: ^3.0.0
234 silly placeDep ROOT d3-array@3.2.4 OK for: victory-vendor@37.3.6 want: ^3.1.6
235 silly placeDep ROOT d3-ease@3.0.1 OK for: victory-vendor@37.3.6 want: ^3.0.1
236 silly placeDep ROOT d3-interpolate@3.0.1 OK for: victory-vendor@37.3.6 want: ^3.0.1
237 silly placeDep ROOT d3-scale@4.0.2 OK for: victory-vendor@37.3.6 want: ^4.0.2
238 silly placeDep ROOT d3-shape@3.2.0 OK for: victory-vendor@37.3.6 want: ^3.1.0
239 silly placeDep ROOT d3-time@3.1.0 OK for: victory-vendor@37.3.6 want: ^3.0.0
240 silly placeDep ROOT d3-timer@3.0.1 OK for: victory-vendor@37.3.6 want: ^3.0.1
241 silly fetch manifest @types/d3-color@*
242 silly packumentCache full:https://registry.npmjs.org/@types%2fd3-color cache-miss
243 silly fetch manifest @types/d3-time@*
244 silly packumentCache full:https://registry.npmjs.org/@types%2fd3-time cache-miss
245 silly fetch manifest @types/d3-path@*
246 silly packumentCache full:https://registry.npmjs.org/@types%2fd3-path cache-miss
247 silly fetch manifest internmap@1 - 2
248 silly packumentCache full:https://registry.npmjs.org/internmap cache-miss
249 silly fetch manifest d3-color@1 - 3
250 silly packumentCache full:https://registry.npmjs.org/d3-color cache-miss
251 silly fetch manifest d3-format@1 - 3
252 silly packumentCache full:https://registry.npmjs.org/d3-format cache-miss
253 silly fetch manifest d3-time@2.1.1 - 3
254 silly packumentCache full:https://registry.npmjs.org/d3-time cache-miss
255 http fetch GET 200 https://registry.npmjs.org/@types%2fd3-time 6ms (cache hit)
256 silly packumentCache full:https://registry.npmjs.org/@types%2fd3-time set size:52652 disposed:false
257 silly fetch manifest d3-time-format@2 - 4
258 silly packumentCache full:https://registry.npmjs.org/d3-time-format cache-miss
259 http fetch GET 200 https://registry.npmjs.org/d3-time 6ms (cache hit)
260 silly packumentCache full:https://registry.npmjs.org/d3-time set size:150406 disposed:false
261 silly fetch manifest d3-path@^3.1.0
262 silly packumentCache full:https://registry.npmjs.org/d3-path cache-miss
263 http fetch GET 200 https://registry.npmjs.org/d3-format 43ms (cache miss)
264 silly packumentCache full:https://registry.npmjs.org/d3-format set size:undefined disposed:false
265 http fetch GET 200 https://registry.npmjs.org/@types%2fd3-path 46ms (cache miss)
266 silly packumentCache full:https://registry.npmjs.org/@types%2fd3-path set size:undefined disposed:false
267 http fetch GET 200 https://registry.npmjs.org/internmap 48ms (cache miss)
268 silly packumentCache full:https://registry.npmjs.org/internmap set size:undefined disposed:false
269 http fetch GET 200 https://registry.npmjs.org/d3-color 48ms (cache miss)
270 silly packumentCache full:https://registry.npmjs.org/d3-color set size:undefined disposed:false
271 http fetch GET 200 https://registry.npmjs.org/d3-path 43ms (cache miss)
272 silly packumentCache full:https://registry.npmjs.org/d3-path set size:undefined disposed:false
273 http fetch GET 200 https://registry.npmjs.org/d3-time-format 55ms (cache miss)
274 silly packumentCache full:https://registry.npmjs.org/d3-time-format set size:undefined disposed:false
275 http fetch GET 200 https://registry.npmjs.org/@types%2fd3-color 63ms (cache miss)
276 silly packumentCache full:https://registry.npmjs.org/@types%2fd3-color set size:undefined disposed:false
277 silly placeDep ROOT @types/d3-color@3.1.3 OK for: @types/d3-interpolate@3.0.4 want: *
278 silly placeDep ROOT @types/d3-path@3.1.1 OK for: @types/d3-shape@3.1.7 want: *
279 silly placeDep ROOT internmap@2.0.3 OK for: d3-array@3.2.4 want: 1 - 2
280 silly placeDep ROOT d3-color@3.1.0 OK for: d3-interpolate@3.0.1 want: 1 - 3
281 silly placeDep ROOT d3-format@3.1.0 OK for: d3-scale@4.0.2 want: 1 - 3
282 silly placeDep ROOT d3-time-format@4.1.0 OK for: d3-scale@4.0.2 want: 2 - 4
283 silly placeDep ROOT d3-path@3.1.0 OK for: d3-shape@3.2.0 want: ^3.1.0
284 warn EBADENGINE Unsupported engine {
284 warn EBADENGINE   package: '@vitejs/plugin-react@5.1.1',
284 warn EBADENGINE   required: { node: '^20.19.0 || >=22.12.0' },
284 warn EBADENGINE   current: { node: 'v22.11.0', npm: '10.9.0' }
284 warn EBADENGINE }
285 warn EBADENGINE Unsupported engine {
285 warn EBADENGINE   package: 'vite@7.2.2',
285 warn EBADENGINE   required: { node: '^20.19.0 || >=22.12.0' },
285 warn EBADENGINE   current: { node: 'v22.11.0', npm: '10.9.0' }
285 warn EBADENGINE }
286 silly reify moves {}
287 silly audit bulk request {
287 silly audit   '@babel/code-frame': [ '7.27.1' ],
287 silly audit   '@babel/compat-data': [ '7.28.5' ],
287 silly audit   '@babel/core': [ '7.28.5' ],
287 silly audit   '@babel/generator': [ '7.28.5' ],
287 silly audit   '@babel/helper-compilation-targets': [ '7.27.2' ],
287 silly audit   '@babel/helper-globals': [ '7.28.0' ],
287 silly audit   '@babel/helper-module-imports': [ '7.27.1' ],
287 silly audit   '@babel/helper-module-transforms': [ '7.28.3' ],
287 silly audit   '@babel/helper-plugin-utils': [ '7.27.1' ],
287 silly audit   '@babel/helper-string-parser': [ '7.27.1' ],
287 silly audit   '@babel/helper-validator-identifier': [ '7.28.5' ],
287 silly audit   '@babel/helper-validator-option': [ '7.27.1' ],
287 silly audit   '@babel/helpers': [ '7.28.4' ],
287 silly audit   '@babel/parser': [ '7.28.5' ],
287 silly audit   '@babel/plugin-transform-react-jsx-self': [ '7.27.1' ],
287 silly audit   '@babel/plugin-transform-react-jsx-source': [ '7.27.1' ],
287 silly audit   '@babel/template': [ '7.27.2' ],
287 silly audit   '@babel/traverse': [ '7.28.5' ],
287 silly audit   '@babel/types': [ '7.28.5' ],
287 silly audit   '@esbuild/aix-ppc64': [ '0.25.12' ],
287 silly audit   '@esbuild/android-arm': [ '0.25.12' ],
287 silly audit   '@esbuild/android-arm64': [ '0.25.12' ],
287 silly audit   '@esbuild/android-x64': [ '0.25.12' ],
287 silly audit   '@esbuild/darwin-arm64': [ '0.25.12' ],
287 silly audit   '@esbuild/darwin-x64': [ '0.25.12' ],
287 silly audit   '@esbuild/freebsd-arm64': [ '0.25.12' ],
287 silly audit   '@esbuild/freebsd-x64': [ '0.25.12' ],
287 silly audit   '@esbuild/linux-arm': [ '0.25.12' ],
287 silly audit   '@esbuild/linux-arm64': [ '0.25.12' ],
287 silly audit   '@esbuild/linux-ia32': [ '0.25.12' ],
287 silly audit   '@esbuild/linux-loong64': [ '0.25.12' ],
287 silly audit   '@esbuild/linux-mips64el': [ '0.25.12' ],
287 silly audit   '@esbuild/linux-ppc64': [ '0.25.12' ],
287 silly audit   '@esbuild/linux-riscv64': [ '0.25.12' ],
287 silly audit   '@esbuild/linux-s390x': [ '0.25.12' ],
287 silly audit   '@esbuild/linux-x64': [ '0.25.12' ],
287 silly audit   '@esbuild/netbsd-arm64': [ '0.25.12' ],
287 silly audit   '@esbuild/netbsd-x64': [ '0.25.12' ],
287 silly audit   '@esbuild/openbsd-arm64': [ '0.25.12' ],
287 silly audit   '@esbuild/openbsd-x64': [ '0.25.12' ],
287 silly audit   '@esbuild/openharmony-arm64': [ '0.25.12' ],
287 silly audit   '@esbuild/sunos-x64': [ '0.25.12' ],
287 silly audit   '@esbuild/win32-arm64': [ '0.25.12' ],
287 silly audit   '@esbuild/win32-ia32': [ '0.25.12' ],
287 silly audit   '@esbuild/win32-x64': [ '0.25.12' ],
287 silly audit   '@eslint-community/eslint-utils': [ '4.9.0' ],
287 silly audit   'eslint-visitor-keys': [ '3.4.3', '4.2.1' ],
287 silly audit   '@eslint-community/regexpp': [ '4.12.2' ],
287 silly audit   '@eslint/config-array': [ '0.21.1' ],
287 silly audit   '@eslint/config-helpers': [ '0.4.2' ],
287 silly audit   '@eslint/core': [ '0.17.0' ],
287 silly audit   '@eslint/eslintrc': [ '3.3.1' ],
287 silly audit   globals: [ '14.0.0', '16.5.0' ],
287 silly audit   '@eslint/js': [ '9.39.1' ],
287 silly audit   '@eslint/object-schema': [ '2.1.7' ],
287 silly audit   '@eslint/plugin-kit': [ '0.4.1' ],
287 silly audit   '@humanfs/core': [ '0.19.1' ],
287 silly audit   '@humanfs/node': [ '0.16.7' ],
287 silly audit   '@humanwhocodes/module-importer': [ '1.0.1' ],
287 silly audit   '@humanwhocodes/retry': [ '0.4.3' ],
287 silly audit   '@jridgewell/gen-mapping': [ '0.3.13' ],
287 silly audit   '@jridgewell/remapping': [ '2.3.5' ],
287 silly audit   '@jridgewell/resolve-uri': [ '3.1.2' ],
287 silly audit   '@jridgewell/sourcemap-codec': [ '1.5.5' ],
287 silly audit   '@jridgewell/trace-mapping': [ '0.3.31' ],
287 silly audit   '@rolldown/pluginutils': [ '1.0.0-beta.47' ],
287 silly audit   '@rollup/rollup-android-arm-eabi': [ '4.53.3' ],
287 silly audit   '@rollup/rollup-android-arm64': [ '4.53.3' ],
287 silly audit   '@rollup/rollup-darwin-arm64': [ '4.53.3' ],
287 silly audit   '@rollup/rollup-darwin-x64': [ '4.53.3' ],
287 silly audit   '@rollup/rollup-freebsd-arm64': [ '4.53.3' ],
287 silly audit   '@rollup/rollup-freebsd-x64': [ '4.53.3' ],
287 silly audit   '@rollup/rollup-linux-arm-gnueabihf': [ '4.53.3' ],
287 silly audit   '@rollup/rollup-linux-arm-musleabihf': [ '4.53.3' ],
287 silly audit   '@rollup/rollup-linux-arm64-gnu': [ '4.53.3' ],
287 silly audit   '@rollup/rollup-linux-arm64-musl': [ '4.53.3' ],
287 silly audit   '@rollup/rollup-linux-loong64-gnu': [ '4.53.3' ],
287 silly audit   '@rollup/rollup-linux-ppc64-gnu': [ '4.53.3' ],
287 silly audit   '@rollup/rollup-linux-riscv64-gnu': [ '4.53.3' ],
287 silly audit   '@rollup/rollup-linux-riscv64-musl': [ '4.53.3' ],
287 silly audit   '@rollup/rollup-linux-s390x-gnu': [ '4.53.3' ],
287 silly audit   '@rollup/rollup-linux-x64-gnu': [ '4.53.3' ],
287 silly audit   '@rollup/rollup-linux-x64-musl': [ '4.53.3' ],
287 silly audit   '@rollup/rollup-openharmony-arm64': [ '4.53.3' ],
287 silly audit   '@rollup/rollup-win32-arm64-msvc': [ '4.53.3' ],
287 silly audit   '@rollup/rollup-win32-ia32-msvc': [ '4.53.3' ],
287 silly audit   '@rollup/rollup-win32-x64-gnu': [ '4.53.3' ],
287 silly audit   '@rollup/rollup-win32-x64-msvc': [ '4.53.3' ],
287 silly audit   '@types/babel__core': [ '7.20.5' ],
287 silly audit   '@types/babel__generator': [ '7.27.0' ],
287 silly audit   '@types/babel__template': [ '7.4.4' ],
287 silly audit   '@types/babel__traverse': [ '7.28.0' ],
287 silly audit   '@types/estree': [ '1.0.8' ],
287 silly audit   '@types/json-schema': [ '7.0.15' ],
287 silly audit   '@types/react': [ '19.2.6' ],
287 silly audit   '@types/react-dom': [ '19.2.3' ],
287 silly audit   '@vitejs/plugin-react': [ '5.1.1' ],
287 silly audit   acorn: [ '8.15.0' ],
287 silly audit   'acorn-jsx': [ '5.3.2' ],
287 silly audit   ajv: [ '6.12.6' ],
287 silly audit   'ansi-styles': [ '4.3.0' ],
287 silly audit   argparse: [ '2.0.1' ],
287 silly audit   autoprefixer: [ '10.4.22' ],
287 silly audit   'balanced-match': [ '1.0.2' ],
287 silly audit   'baseline-browser-mapping': [ '2.8.29' ],
287 silly audit   'brace-expansion': [ '1.1.12' ],
287 silly audit   browserslist: [ '4.28.0' ],
287 silly audit   callsites: [ '3.1.0' ],
287 silly audit   'caniuse-lite': [ '1.0.30001756' ],
287 silly audit   chalk: [ '4.1.2' ],
287 silly audit   'color-convert': [ '2.0.1' ],
287 silly audit   'color-name': [ '1.1.4' ],
287 silly audit   'concat-map': [ '0.0.1' ],
287 silly audit   'convert-source-map': [ '2.0.0' ],
287 silly audit   'cross-spawn': [ '7.0.6' ],
287 silly audit   csstype: [ '3.2.3' ],
287 silly audit   debug: [ '4.4.3' ],
287 silly audit   'deep-is': [ '0.1.4' ],
287 silly audit   'electron-to-chromium': [ '1.5.256' ],
287 silly audit   esbuild: [ '0.25.12' ],
287 silly audit   escalade: [ '3.2.0' ],
287 silly audit   'escape-string-regexp': [ '4.0.0' ],
287 silly audit   eslint: [ '9.39.1' ],
287 silly audit   'eslint-plugin-react-hooks': [ '7.0.1' ],
287 silly audit   'eslint-plugin-react-refresh': [ '0.4.24' ],
287 silly audit   'eslint-scope': [ '8.4.0' ],
287 silly audit   espree: [ '10.4.0' ],
287 silly audit   esquery: [ '1.6.0' ],
287 silly audit   esrecurse: [ '4.3.0' ],
287 silly audit   estraverse: [ '5.3.0' ],
287 silly audit   esutils: [ '2.0.3' ],
287 silly audit   'fast-deep-equal': [ '3.1.3' ],
287 silly audit   'fast-json-stable-stringify': [ '2.1.0' ],
287 silly audit   'fast-levenshtein': [ '2.0.6' ],
287 silly audit   fdir: [ '6.5.0' ],
287 silly audit   'file-entry-cache': [ '8.0.0' ],
287 silly audit   'find-up': [ '5.0.0' ],
287 silly audit   'flat-cache': [ '4.0.1' ],
287 silly audit   flatted: [ '3.3.3' ],
287 silly audit   'fraction.js': [ '5.3.4' ],
287 silly audit   fsevents: [ '2.3.3' ],
287 silly audit   gensync: [ '1.0.0-beta.2' ],
287 silly audit   'glob-parent': [ '6.0.2' ],
287 silly audit   'has-flag': [ '4.0.0' ],
287 silly audit   'hermes-estree': [ '0.25.1' ],
287 silly audit   'hermes-parser': [ '0.25.1' ],
287 silly audit   ignore: [ '5.3.2' ],
287 silly audit   'import-fresh': [ '3.3.1' ],
287 silly audit   imurmurhash: [ '0.1.4' ],
287 silly audit   'is-extglob': [ '2.1.1' ],
287 silly audit   'is-glob': [ '4.0.3' ],
287 silly audit   isexe: [ '2.0.0' ],
287 silly audit   'js-tokens': [ '4.0.0' ],
287 silly audit   'js-yaml': [ '4.1.1' ],
287 silly audit   jsesc: [ '3.1.0' ],
287 silly audit   'json-buffer': [ '3.0.1' ],
287 silly audit   'json-schema-traverse': [ '0.4.1' ],
287 silly audit   'json-stable-stringify-without-jsonify': [ '1.0.1' ],
287 silly audit   json5: [ '2.2.3' ],
287 silly audit   keyv: [ '4.5.4' ],
287 silly audit   levn: [ '0.4.1' ],
287 silly audit   'locate-path': [ '6.0.0' ],
287 silly audit   'lodash.merge': [ '4.6.2' ],
287 silly audit   'lru-cache': [ '5.1.1' ],
287 silly audit   minimatch: [ '3.1.2' ],
287 silly audit   ms: [ '2.1.3' ],
287 silly audit   nanoid: [ '3.3.11' ],
287 silly audit   'natural-compare': [ '1.4.0' ],
287 silly audit   'node-releases': [ '2.0.27' ],
287 silly audit   'normalize-range': [ '0.1.2' ],
287 silly audit   optionator: [ '0.9.4' ],
287 silly audit   'p-limit': [ '3.1.0' ],
287 silly audit   'p-locate': [ '5.0.0' ],
287 silly audit   'parent-module': [ '1.0.1' ],
287 silly audit   'path-exists': [ '4.0.0' ],
287 silly audit   'path-key': [ '3.1.1' ],
287 silly audit   picocolors: [ '1.1.1' ],
287 silly audit   picomatch: [ '4.0.3' ],
287 silly audit   postcss: [ '8.5.6' ],
287 silly audit   'postcss-value-parser': [ '4.2.0' ],
287 silly audit   'prelude-ls': [ '1.2.1' ],
287 silly audit   punycode: [ '2.3.1' ],
287 silly audit   react: [ '19.2.0' ],
287 silly audit   'react-dom': [ '19.2.0' ],
287 silly audit   'react-refresh': [ '0.18.0' ],
287 silly audit   'resolve-from': [ '4.0.0' ],
287 silly audit   rollup: [ '4.53.3' ],
287 silly audit   scheduler: [ '0.27.0' ],
287 silly audit   semver: [ '6.3.1' ],
287 silly audit   'shebang-command': [ '2.0.0' ],
287 silly audit   'shebang-regex': [ '3.0.0' ],
287 silly audit   'source-map-js': [ '1.2.1' ],
287 silly audit   'strip-json-comments': [ '3.1.1' ],
287 silly audit   'supports-color': [ '7.2.0' ],
287 silly audit   tailwindcss: [ '4.1.17' ],
287 silly audit   tinyglobby: [ '0.2.15' ],
287 silly audit   'type-check': [ '0.4.0' ],
287 silly audit   'update-browserslist-db': [ '1.1.4' ],
287 silly audit   'uri-js': [ '4.4.1' ],
287 silly audit   vite: [ '7.2.2' ],
287 silly audit   which: [ '2.0.2' ],
287 silly audit   'word-wrap': [ '1.2.5' ],
287 silly audit   yallist: [ '3.1.1' ],
287 silly audit   'yocto-queue': [ '0.1.0' ],
287 silly audit   zod: [ '4.1.12' ],
287 silly audit   'zod-validation-error': [ '4.0.2' ],
287 silly audit   clsx: [ '2.1.1' ],
287 silly audit   'framer-motion': [ '12.23.24' ],
287 silly audit   'lucide-react': [ '0.554.0' ],
287 silly audit   recharts: [ '3.4.1' ],
287 silly audit   'react-is': [ '19.2.0' ],
287 silly audit   'tailwind-merge': [ '3.4.0' ],
287 silly audit   'motion-dom': [ '12.23.23' ],
287 silly audit   'motion-utils': [ '12.23.6' ],
287 silly audit   tslib: [ '2.8.1' ],
287 silly audit   '@reduxjs/toolkit': [ '2.10.1' ],
287 silly audit   'decimal.js-light': [ '2.5.1' ],
287 silly audit   'es-toolkit': [ '1.42.0' ],
287 silly audit   eventemitter3: [ '5.0.1' ],
287 silly audit   immer: [ '10.2.0' ],
287 silly audit   'react-redux': [ '9.2.0' ],
287 silly audit   reselect: [ '5.1.1' ],
287 silly audit   'tiny-invariant': [ '1.3.3' ],
287 silly audit   'use-sync-external-store': [ '1.6.0' ],
287 silly audit   'victory-vendor': [ '37.3.6' ],
287 silly audit   '@standard-schema/spec': [ '1.0.0' ],
287 silly audit   '@standard-schema/utils': [ '0.3.0' ],
287 silly audit   redux: [ '5.0.1' ],
287 silly audit   'redux-thunk': [ '3.1.0' ],
287 silly audit   '@types/use-sync-external-store': [ '0.0.6' ],
287 silly audit   '@types/d3-array': [ '3.2.2' ],
287 silly audit   '@types/d3-ease': [ '3.0.2' ],
287 silly audit   '@types/d3-interpolate': [ '3.0.4' ],
287 silly audit   '@types/d3-scale': [ '4.0.9' ],
287 silly audit   '@types/d3-shape': [ '3.1.7' ],
287 silly audit   '@types/d3-time': [ '3.0.4' ],
287 silly audit   '@types/d3-timer': [ '3.0.2' ],
287 silly audit   'd3-array': [ '3.2.4' ],
287 silly audit   'd3-ease': [ '3.0.1' ],
287 silly audit   'd3-interpolate': [ '3.0.1' ],
287 silly audit   'd3-scale': [ '4.0.2' ],
287 silly audit   'd3-shape': [ '3.2.0' ],
287 silly audit   'd3-time': [ '3.1.0' ],
287 silly audit   'd3-timer': [ '3.0.1' ],
287 silly audit   '@types/d3-color': [ '3.1.3' ],
287 silly audit   '@types/d3-path': [ '3.1.1' ],
287 silly audit   internmap: [ '2.0.3' ],
287 silly audit   'd3-color': [ '3.1.0' ],
287 silly audit   'd3-format': [ '3.1.0' ],
287 silly audit   'd3-time-format': [ '4.1.0' ],
287 silly audit   'd3-path': [ '3.1.0' ]
287 silly audit }
288 verbose reify failed optional dependency /Users/bethegnt/Documents/app/node_modules/@rollup/rollup-win32-x64-msvc
289 silly reify mark deleted [
289 silly reify   '/Users/bethegnt/Documents/app/node_modules/@rollup/rollup-win32-x64-msvc'
289 silly reify ]
290 verbose reify failed optional dependency /Users/bethegnt/Documents/app/node_modules/@rollup/rollup-win32-x64-gnu
291 silly reify mark deleted [
291 silly reify   '/Users/bethegnt/Documents/app/node_modules/@rollup/rollup-win32-x64-gnu'
291 silly reify ]
292 verbose reify failed optional dependency /Users/bethegnt/Documents/app/node_modules/@rollup/rollup-win32-ia32-msvc
293 silly reify mark deleted [
293 silly reify   '/Users/bethegnt/Documents/app/node_modules/@rollup/rollup-win32-ia32-msvc'
293 silly reify ]
294 verbose reify failed optional dependency /Users/bethegnt/Documents/app/node_modules/@rollup/rollup-win32-arm64-msvc
295 silly reify mark deleted [
295 silly reify   '/Users/bethegnt/Documents/app/node_modules/@rollup/rollup-win32-arm64-msvc'
295 silly reify ]
296 verbose reify failed optional dependency /Users/bethegnt/Documents/app/node_modules/@rollup/rollup-openharmony-arm64
297 silly reify mark deleted [
297 silly reify   '/Users/bethegnt/Documents/app/node_modules/@rollup/rollup-openharmony-arm64'
297 silly reify ]
298 verbose reify failed optional dependency /Users/bethegnt/Documents/app/node_modules/@rollup/rollup-linux-x64-musl
299 silly reify mark deleted [
299 silly reify   '/Users/bethegnt/Documents/app/node_modules/@rollup/rollup-linux-x64-musl'
299 silly reify ]
300 verbose reify failed optional dependency /Users/bethegnt/Documents/app/node_modules/@rollup/rollup-linux-x64-gnu
301 silly reify mark deleted [
301 silly reify   '/Users/bethegnt/Documents/app/node_modules/@rollup/rollup-linux-x64-gnu'
301 silly reify ]
302 verbose reify failed optional dependency /Users/bethegnt/Documents/app/node_modules/@rollup/rollup-linux-s390x-gnu
303 silly reify mark deleted [
303 silly reify   '/Users/bethegnt/Documents/app/node_modules/@rollup/rollup-linux-s390x-gnu'
303 silly reify ]
304 verbose reify failed optional dependency /Users/bethegnt/Documents/app/node_modules/@rollup/rollup-linux-riscv64-musl
305 silly reify mark deleted [
305 silly reify   '/Users/bethegnt/Documents/app/node_modules/@rollup/rollup-linux-riscv64-musl'
305 silly reify ]
306 verbose reify failed optional dependency /Users/bethegnt/Documents/app/node_modules/@rollup/rollup-linux-riscv64-gnu
307 silly reify mark deleted [
307 silly reify   '/Users/bethegnt/Documents/app/node_modules/@rollup/rollup-linux-riscv64-gnu'
307 silly reify ]
308 verbose reify failed optional dependency /Users/bethegnt/Documents/app/node_modules/@rollup/rollup-linux-ppc64-gnu
309 silly reify mark deleted [
309 silly reify   '/Users/bethegnt/Documents/app/node_modules/@rollup/rollup-linux-ppc64-gnu'
309 silly reify ]
310 verbose reify failed optional dependency /Users/bethegnt/Documents/app/node_modules/@rollup/rollup-linux-loong64-gnu
311 silly reify mark deleted [
311 silly reify   '/Users/bethegnt/Documents/app/node_modules/@rollup/rollup-linux-loong64-gnu'
311 silly reify ]
312 verbose reify failed optional dependency /Users/bethegnt/Documents/app/node_modules/@rollup/rollup-linux-arm64-musl
313 silly reify mark deleted [
313 silly reify   '/Users/bethegnt/Documents/app/node_modules/@rollup/rollup-linux-arm64-musl'
313 silly reify ]
314 verbose reify failed optional dependency /Users/bethegnt/Documents/app/node_modules/@rollup/rollup-linux-arm64-gnu
315 silly reify mark deleted [
315 silly reify   '/Users/bethegnt/Documents/app/node_modules/@rollup/rollup-linux-arm64-gnu'
315 silly reify ]
316 verbose reify failed optional dependency /Users/bethegnt/Documents/app/node_modules/@rollup/rollup-linux-arm-musleabihf
317 silly reify mark deleted [
317 silly reify   '/Users/bethegnt/Documents/app/node_modules/@rollup/rollup-linux-arm-musleabihf'
317 silly reify ]
318 verbose reify failed optional dependency /Users/bethegnt/Documents/app/node_modules/@rollup/rollup-linux-arm-gnueabihf
319 silly reify mark deleted [
319 silly reify   '/Users/bethegnt/Documents/app/node_modules/@rollup/rollup-linux-arm-gnueabihf'
319 silly reify ]
320 verbose reify failed optional dependency /Users/bethegnt/Documents/app/node_modules/@rollup/rollup-freebsd-x64
321 silly reify mark deleted [
321 silly reify   '/Users/bethegnt/Documents/app/node_modules/@rollup/rollup-freebsd-x64'
321 silly reify ]
322 verbose reify failed optional dependency /Users/bethegnt/Documents/app/node_modules/@rollup/rollup-freebsd-arm64
323 silly reify mark deleted [
323 silly reify   '/Users/bethegnt/Documents/app/node_modules/@rollup/rollup-freebsd-arm64'
323 silly reify ]
324 verbose reify failed optional dependency /Users/bethegnt/Documents/app/node_modules/@rollup/rollup-darwin-x64
325 silly reify mark deleted [
325 silly reify   '/Users/bethegnt/Documents/app/node_modules/@rollup/rollup-darwin-x64'
325 silly reify ]
326 verbose reify failed optional dependency /Users/bethegnt/Documents/app/node_modules/@rollup/rollup-android-arm64
327 silly reify mark deleted [
327 silly reify   '/Users/bethegnt/Documents/app/node_modules/@rollup/rollup-android-arm64'
327 silly reify ]
328 verbose reify failed optional dependency /Users/bethegnt/Documents/app/node_modules/@rollup/rollup-android-arm-eabi
329 silly reify mark deleted [
329 silly reify   '/Users/bethegnt/Documents/app/node_modules/@rollup/rollup-android-arm-eabi'
329 silly reify ]
330 verbose reify failed optional dependency /Users/bethegnt/Documents/app/node_modules/@esbuild/win32-x64
331 silly reify mark deleted [ '/Users/bethegnt/Documents/app/node_modules/@esbuild/win32-x64' ]
332 verbose reify failed optional dependency /Users/bethegnt/Documents/app/node_modules/@esbuild/win32-ia32
333 silly reify mark deleted [ '/Users/bethegnt/Documents/app/node_modules/@esbuild/win32-ia32' ]
334 verbose reify failed optional dependency /Users/bethegnt/Documents/app/node_modules/@esbuild/win32-arm64
335 silly reify mark deleted [ '/Users/bethegnt/Documents/app/node_modules/@esbuild/win32-arm64' ]
336 verbose reify failed optional dependency /Users/bethegnt/Documents/app/node_modules/@esbuild/sunos-x64
337 silly reify mark deleted [ '/Users/bethegnt/Documents/app/node_modules/@esbuild/sunos-x64' ]
338 verbose reify failed optional dependency /Users/bethegnt/Documents/app/node_modules/@esbuild/openharmony-arm64
339 silly reify mark deleted [
339 silly reify   '/Users/bethegnt/Documents/app/node_modules/@esbuild/openharmony-arm64'
339 silly reify ]
340 verbose reify failed optional dependency /Users/bethegnt/Documents/app/node_modules/@esbuild/openbsd-x64
341 silly reify mark deleted [ '/Users/bethegnt/Documents/app/node_modules/@esbuild/openbsd-x64' ]
342 verbose reify failed optional dependency /Users/bethegnt/Documents/app/node_modules/@esbuild/openbsd-arm64
343 silly reify mark deleted [ '/Users/bethegnt/Documents/app/node_modules/@esbuild/openbsd-arm64' ]
344 verbose reify failed optional dependency /Users/bethegnt/Documents/app/node_modules/@esbuild/netbsd-x64
345 silly reify mark deleted [ '/Users/bethegnt/Documents/app/node_modules/@esbuild/netbsd-x64' ]
346 verbose reify failed optional dependency /Users/bethegnt/Documents/app/node_modules/@esbuild/netbsd-arm64
347 silly reify mark deleted [ '/Users/bethegnt/Documents/app/node_modules/@esbuild/netbsd-arm64' ]
348 verbose reify failed optional dependency /Users/bethegnt/Documents/app/node_modules/@esbuild/linux-x64
349 silly reify mark deleted [ '/Users/bethegnt/Documents/app/node_modules/@esbuild/linux-x64' ]
350 verbose reify failed optional dependency /Users/bethegnt/Documents/app/node_modules/@esbuild/linux-s390x
351 silly reify mark deleted [ '/Users/bethegnt/Documents/app/node_modules/@esbuild/linux-s390x' ]
352 verbose reify failed optional dependency /Users/bethegnt/Documents/app/node_modules/@esbuild/linux-riscv64
353 silly reify mark deleted [ '/Users/bethegnt/Documents/app/node_modules/@esbuild/linux-riscv64' ]
354 verbose reify failed optional dependency /Users/bethegnt/Documents/app/node_modules/@esbuild/linux-ppc64
355 silly reify mark deleted [ '/Users/bethegnt/Documents/app/node_modules/@esbuild/linux-ppc64' ]
356 verbose reify failed optional dependency /Users/bethegnt/Documents/app/node_modules/@esbuild/linux-mips64el
357 silly reify mark deleted [
357 silly reify   '/Users/bethegnt/Documents/app/node_modules/@esbuild/linux-mips64el'
357 silly reify ]
358 verbose reify failed optional dependency /Users/bethegnt/Documents/app/node_modules/@esbuild/linux-loong64
359 silly reify mark deleted [ '/Users/bethegnt/Documents/app/node_modules/@esbuild/linux-loong64' ]
360 verbose reify failed optional dependency /Users/bethegnt/Documents/app/node_modules/@esbuild/linux-ia32
361 silly reify mark deleted [ '/Users/bethegnt/Documents/app/node_modules/@esbuild/linux-ia32' ]
362 verbose reify failed optional dependency /Users/bethegnt/Documents/app/node_modules/@esbuild/linux-arm64
363 silly reify mark deleted [ '/Users/bethegnt/Documents/app/node_modules/@esbuild/linux-arm64' ]
364 verbose reify failed optional dependency /Users/bethegnt/Documents/app/node_modules/@esbuild/linux-arm
365 silly reify mark deleted [ '/Users/bethegnt/Documents/app/node_modules/@esbuild/linux-arm' ]
366 verbose reify failed optional dependency /Users/bethegnt/Documents/app/node_modules/@esbuild/freebsd-x64
367 silly reify mark deleted [ '/Users/bethegnt/Documents/app/node_modules/@esbuild/freebsd-x64' ]
368 verbose reify failed optional dependency /Users/bethegnt/Documents/app/node_modules/@esbuild/freebsd-arm64
369 silly reify mark deleted [ '/Users/bethegnt/Documents/app/node_modules/@esbuild/freebsd-arm64' ]
370 verbose reify failed optional dependency /Users/bethegnt/Documents/app/node_modules/@esbuild/darwin-x64
371 silly reify mark deleted [ '/Users/bethegnt/Documents/app/node_modules/@esbuild/darwin-x64' ]
372 verbose reify failed optional dependency /Users/bethegnt/Documents/app/node_modules/@esbuild/android-x64
373 silly reify mark deleted [ '/Users/bethegnt/Documents/app/node_modules/@esbuild/android-x64' ]
374 verbose reify failed optional dependency /Users/bethegnt/Documents/app/node_modules/@esbuild/android-arm64
375 silly reify mark deleted [ '/Users/bethegnt/Documents/app/node_modules/@esbuild/android-arm64' ]
376 verbose reify failed optional dependency /Users/bethegnt/Documents/app/node_modules/@esbuild/android-arm
377 silly reify mark deleted [ '/Users/bethegnt/Documents/app/node_modules/@esbuild/android-arm' ]
378 verbose reify failed optional dependency /Users/bethegnt/Documents/app/node_modules/@esbuild/aix-ppc64
379 silly reify mark deleted [ '/Users/bethegnt/Documents/app/node_modules/@esbuild/aix-ppc64' ]
380 silly tarball no local data for d3-time-format@https://registry.npmjs.org/d3-time-format/-/d3-time-format-4.1.0.tgz. Extracting by manifest.
381 silly tarball no local data for internmap@https://registry.npmjs.org/internmap/-/internmap-2.0.3.tgz. Extracting by manifest.
382 silly tarball no local data for d3-path@https://registry.npmjs.org/d3-path/-/d3-path-3.1.0.tgz. Extracting by manifest.
383 silly tarball no local data for @types/d3-path@https://registry.npmjs.org/@types/d3-path/-/d3-path-3.1.1.tgz. Extracting by manifest.
384 silly tarball no local data for @types/d3-color@https://registry.npmjs.org/@types/d3-color/-/d3-color-3.1.3.tgz. Extracting by manifest.
385 silly tarball no local data for d3-format@https://registry.npmjs.org/d3-format/-/d3-format-3.1.0.tgz. Extracting by manifest.
386 silly tarball no local data for d3-color@https://registry.npmjs.org/d3-color/-/d3-color-3.1.0.tgz. Extracting by manifest.
387 silly tarball no local data for d3-timer@https://registry.npmjs.org/d3-timer/-/d3-timer-3.0.1.tgz. Extracting by manifest.
388 silly tarball no local data for d3-time@https://registry.npmjs.org/d3-time/-/d3-time-3.1.0.tgz. Extracting by manifest.
389 silly tarball no local data for d3-scale@https://registry.npmjs.org/d3-scale/-/d3-scale-4.0.2.tgz. Extracting by manifest.
390 silly tarball no local data for d3-interpolate@https://registry.npmjs.org/d3-interpolate/-/d3-interpolate-3.0.1.tgz. Extracting by manifest.
391 silly tarball no local data for d3-shape@https://registry.npmjs.org/d3-shape/-/d3-shape-3.2.0.tgz. Extracting by manifest.
392 silly tarball no local data for @types/d3-shape@https://registry.npmjs.org/@types/d3-shape/-/d3-shape-3.1.7.tgz. Extracting by manifest.
393 silly tarball no local data for d3-ease@https://registry.npmjs.org/d3-ease/-/d3-ease-3.0.1.tgz. Extracting by manifest.
394 silly tarball no local data for @types/d3-scale@https://registry.npmjs.org/@types/d3-scale/-/d3-scale-4.0.9.tgz. Extracting by manifest.
395 silly tarball no local data for @types/d3-interpolate@https://registry.npmjs.org/@types/d3-interpolate/-/d3-interpolate-3.0.4.tgz. Extracting by manifest.
396 silly tarball no local data for @types/d3-time@https://registry.npmjs.org/@types/d3-time/-/d3-time-3.0.4.tgz. Extracting by manifest.
397 silly tarball no local data for d3-array@https://registry.npmjs.org/d3-array/-/d3-array-3.2.4.tgz. Extracting by manifest.
398 silly tarball no local data for @types/d3-array@https://registry.npmjs.org/@types/d3-array/-/d3-array-3.2.2.tgz. Extracting by manifest.
399 silly tarball no local data for @types/use-sync-external-store@https://registry.npmjs.org/@types/use-sync-external-store/-/use-sync-external-store-0.0.6.tgz. Extracting by manifest.
400 silly tarball no local data for @types/d3-ease@https://registry.npmjs.org/@types/d3-ease/-/d3-ease-3.0.2.tgz. Extracting by manifest.
401 silly tarball no local data for redux-thunk@https://registry.npmjs.org/redux-thunk/-/redux-thunk-3.1.0.tgz. Extracting by manifest.
402 silly tarball no local data for victory-vendor@https://registry.npmjs.org/victory-vendor/-/victory-vendor-37.3.6.tgz. Extracting by manifest.
403 silly tarball no local data for @standard-schema/spec@https://registry.npmjs.org/@standard-schema/spec/-/spec-1.0.0.tgz. Extracting by manifest.
404 silly tarball no local data for use-sync-external-store@https://registry.npmjs.org/use-sync-external-store/-/use-sync-external-store-1.6.0.tgz. Extracting by manifest.
405 silly tarball no local data for @standard-schema/utils@https://registry.npmjs.org/@standard-schema/utils/-/utils-0.3.0.tgz. Extracting by manifest.
406 silly tarball no local data for immer@https://registry.npmjs.org/immer/-/immer-10.2.0.tgz. Extracting by manifest.
407 silly tarball no local data for react-redux@https://registry.npmjs.org/react-redux/-/react-redux-9.2.0.tgz. Extracting by manifest.
408 silly tarball no local data for redux@https://registry.npmjs.org/redux/-/redux-5.0.1.tgz. Extracting by manifest.
409 silly tarball no local data for eventemitter3@https://registry.npmjs.org/eventemitter3/-/eventemitter3-5.0.1.tgz. Extracting by manifest.
410 silly tarball no local data for @types/d3-timer@https://registry.npmjs.org/@types/d3-timer/-/d3-timer-3.0.2.tgz. Extracting by manifest.
411 silly tarball no local data for tiny-invariant@https://registry.npmjs.org/tiny-invariant/-/tiny-invariant-1.3.3.tgz. Extracting by manifest.
412 silly tarball no local data for decimal.js-light@https://registry.npmjs.org/decimal.js-light/-/decimal.js-light-2.5.1.tgz. Extracting by manifest.
413 silly tarball no local data for @reduxjs/toolkit@https://registry.npmjs.org/@reduxjs/toolkit/-/toolkit-2.10.1.tgz. Extracting by manifest.
414 silly tarball no local data for es-toolkit@https://registry.npmjs.org/es-toolkit/-/es-toolkit-1.42.0.tgz. Extracting by manifest.
415 silly tarball no local data for motion-dom@https://registry.npmjs.org/motion-dom/-/motion-dom-12.23.23.tgz. Extracting by manifest.
416 silly tarball no local data for motion-utils@https://registry.npmjs.org/motion-utils/-/motion-utils-12.23.6.tgz. Extracting by manifest.
417 silly tarball no local data for reselect@https://registry.npmjs.org/reselect/-/reselect-5.1.1.tgz. Extracting by manifest.
418 silly tarball no local data for tailwind-merge@https://registry.npmjs.org/tailwind-merge/-/tailwind-merge-3.4.0.tgz. Extracting by manifest.
419 silly tarball no local data for clsx@https://registry.npmjs.org/clsx/-/clsx-2.1.1.tgz. Extracting by manifest.
420 silly tarball no local data for recharts@https://registry.npmjs.org/recharts/-/recharts-3.4.1.tgz. Extracting by manifest.
421 silly tarball no local data for lucide-react@https://registry.npmjs.org/lucide-react/-/lucide-react-0.554.0.tgz. Extracting by manifest.
422 silly tarball no local data for framer-motion@https://registry.npmjs.org/framer-motion/-/framer-motion-12.23.24.tgz. Extracting by manifest.
423 silly tarball no local data for react-is@https://registry.npmjs.org/react-is/-/react-is-19.2.0.tgz. Extracting by manifest.
424 http fetch GET 200 https://registry.npmjs.org/d3-path/-/d3-path-3.1.0.tgz 39ms (cache miss)
425 http fetch GET 200 https://registry.npmjs.org/internmap/-/internmap-2.0.3.tgz 80ms (cache miss)
426 http fetch GET 200 https://registry.npmjs.org/d3-format/-/d3-format-3.1.0.tgz 80ms (cache miss)
427 http fetch GET 200 https://registry.npmjs.org/@types/d3-color/-/d3-color-3.1.3.tgz 81ms (cache miss)
428 http fetch GET 200 https://registry.npmjs.org/@types/d3-path/-/d3-path-3.1.1.tgz 81ms (cache miss)
429 http fetch GET 200 https://registry.npmjs.org/@types/d3-scale/-/d3-scale-4.0.9.tgz 81ms (cache miss)
430 http fetch GET 200 https://registry.npmjs.org/d3-time-format/-/d3-time-format-4.1.0.tgz 94ms (cache miss)
431 http fetch GET 200 https://registry.npmjs.org/@types/d3-interpolate/-/d3-interpolate-3.0.4.tgz 95ms (cache miss)
432 http fetch GET 200 https://registry.npmjs.org/@types/d3-time/-/d3-time-3.0.4.tgz 105ms (cache miss)
433 http fetch GET 200 https://registry.npmjs.org/d3-array/-/d3-array-3.2.4.tgz 106ms (cache miss)
434 http fetch GET 200 https://registry.npmjs.org/d3-color/-/d3-color-3.1.0.tgz 110ms (cache miss)
435 http fetch GET 200 https://registry.npmjs.org/d3-ease/-/d3-ease-3.0.1.tgz 109ms (cache miss)
436 http fetch GET 200 https://registry.npmjs.org/redux-thunk/-/redux-thunk-3.1.0.tgz 130ms (cache miss)
437 http fetch GET 200 https://registry.npmjs.org/@types/d3-array/-/d3-array-3.2.2.tgz 131ms (cache miss)
438 http fetch GET 200 https://registry.npmjs.org/d3-timer/-/d3-timer-3.0.1.tgz 134ms (cache miss)
439 http fetch GET 200 https://registry.npmjs.org/@types/d3-ease/-/d3-ease-3.0.2.tgz 157ms (cache miss)
440 http fetch GET 200 https://registry.npmjs.org/@types/use-sync-external-store/-/use-sync-external-store-0.0.6.tgz 158ms (cache miss)
441 http fetch GET 200 https://registry.npmjs.org/d3-time/-/d3-time-3.1.0.tgz 162ms (cache miss)
442 http fetch GET 200 https://registry.npmjs.org/use-sync-external-store/-/use-sync-external-store-1.6.0.tgz 164ms (cache miss)
443 http fetch GET 200 https://registry.npmjs.org/@types/d3-shape/-/d3-shape-3.1.7.tgz 173ms (cache miss)
444 http fetch GET 200 https://registry.npmjs.org/@standard-schema/spec/-/spec-1.0.0.tgz 178ms (cache miss)
445 http fetch GET 200 https://registry.npmjs.org/d3-interpolate/-/d3-interpolate-3.0.1.tgz 184ms (cache miss)
446 http fetch GET 200 https://registry.npmjs.org/eventemitter3/-/eventemitter3-5.0.1.tgz 183ms (cache miss)
447 http fetch GET 200 https://registry.npmjs.org/d3-scale/-/d3-scale-4.0.2.tgz 193ms (cache miss)
448 http fetch GET 200 https://registry.npmjs.org/@standard-schema/utils/-/utils-0.3.0.tgz 196ms (cache miss)
449 http fetch GET 200 https://registry.npmjs.org/d3-shape/-/d3-shape-3.2.0.tgz 204ms (cache miss)
450 http fetch GET 200 https://registry.npmjs.org/redux/-/redux-5.0.1.tgz 217ms (cache miss)
451 http fetch GET 200 https://registry.npmjs.org/@types/d3-timer/-/d3-timer-3.0.2.tgz 216ms (cache miss)
452 http fetch GET 200 https://registry.npmjs.org/tiny-invariant/-/tiny-invariant-1.3.3.tgz 217ms (cache miss)
453 http fetch GET 200 https://registry.npmjs.org/motion-utils/-/motion-utils-12.23.6.tgz 218ms (cache miss)
454 http fetch GET 200 https://registry.npmjs.org/clsx/-/clsx-2.1.1.tgz 251ms (cache miss)
455 http fetch GET 200 https://registry.npmjs.org/react-redux/-/react-redux-9.2.0.tgz 267ms (cache miss)
456 http fetch GET 200 https://registry.npmjs.org/immer/-/immer-10.2.0.tgz 283ms (cache miss)
457 http fetch GET 200 https://registry.npmjs.org/decimal.js-light/-/decimal.js-light-2.5.1.tgz 310ms (cache miss)
458 http fetch GET 200 https://registry.npmjs.org/react-is/-/react-is-19.2.0.tgz 340ms (cache miss)
459 http fetch GET 200 https://registry.npmjs.org/victory-vendor/-/victory-vendor-37.3.6.tgz 455ms (cache miss)
460 http fetch POST 200 https://registry.npmjs.org/-/npm/v1/security/advisories/bulk 570ms
461 silly audit report {}
462 http fetch GET 200 https://registry.npmjs.org/tailwind-merge/-/tailwind-merge-3.4.0.tgz 688ms (cache miss)
463 http fetch GET 200 https://registry.npmjs.org/motion-dom/-/motion-dom-12.23.23.tgz 1658ms (cache miss)
464 http fetch GET 200 https://registry.npmjs.org/es-toolkit/-/es-toolkit-1.42.0.tgz 1735ms (cache miss)
465 http fetch GET 200 https://registry.npmjs.org/framer-motion/-/framer-motion-12.23.24.tgz 2135ms (cache miss)
466 http fetch GET 200 https://registry.npmjs.org/@reduxjs/toolkit/-/toolkit-2.10.1.tgz 2188ms (cache miss)
467 http fetch GET 200 https://registry.npmjs.org/reselect/-/reselect-5.1.1.tgz 2433ms (cache miss)
468 http fetch GET 200 https://registry.npmjs.org/recharts/-/recharts-3.4.1.tgz 2613ms (cache miss)
469 http fetch GET 200 https://registry.npmjs.org/lucide-react/-/lucide-react-0.554.0.tgz 2616ms (cache miss)
470 silly ADD node_modules/d3-path
471 silly ADD node_modules/d3-time-format
472 silly ADD node_modules/d3-format
473 silly ADD node_modules/d3-color
474 silly ADD node_modules/internmap
475 silly ADD node_modules/@types/d3-path
476 silly ADD node_modules/@types/d3-color
477 silly ADD node_modules/d3-timer
478 silly ADD node_modules/d3-time
479 silly ADD node_modules/d3-shape
480 silly ADD node_modules/d3-scale
481 silly ADD node_modules/d3-interpolate
482 silly ADD node_modules/d3-ease
483 silly ADD node_modules/d3-array
484 silly ADD node_modules/@types/d3-timer
485 silly ADD node_modules/@types/d3-time
486 silly ADD node_modules/@types/d3-shape
487 silly ADD node_modules/@types/d3-scale
488 silly ADD node_modules/@types/d3-interpolate
489 silly ADD node_modules/@types/d3-ease
490 silly ADD node_modules/@types/d3-array
491 silly ADD node_modules/@types/use-sync-external-store
492 silly ADD node_modules/redux-thunk
493 silly ADD node_modules/redux
494 silly ADD node_modules/@standard-schema/utils
495 silly ADD node_modules/@standard-schema/spec
496 silly ADD node_modules/victory-vendor
497 silly ADD node_modules/use-sync-external-store
498 silly ADD node_modules/tiny-invariant
499 silly ADD node_modules/reselect
500 silly ADD node_modules/react-redux
501 silly ADD node_modules/immer
502 silly ADD node_modules/eventemitter3
503 silly ADD node_modules/es-toolkit
504 silly ADD node_modules/decimal.js-light
505 silly ADD node_modules/@reduxjs/toolkit
506 silly ADD node_modules/tslib
507 silly ADD node_modules/motion-utils
508 silly ADD node_modules/motion-dom
509 silly ADD node_modules/tailwind-merge
510 silly ADD node_modules/react-is
511 silly ADD node_modules/recharts
512 silly ADD node_modules/lucide-react
513 silly ADD node_modules/framer-motion
514 silly ADD node_modules/clsx
515 silly ADD
516 silly ADD
517 silly ADD
518 silly ADD
519 silly ADD
520 silly ADD
521 silly ADD
522 silly ADD
523 silly ADD
524 silly ADD
525 silly ADD
526 silly ADD
527 silly ADD
528 silly ADD
529 silly ADD
530 silly ADD
531 silly ADD
532 silly ADD
533 silly ADD
534 silly ADD
535 silly ADD
536 silly ADD
537 silly ADD
538 silly ADD
539 silly ADD
540 silly ADD
541 silly ADD
542 silly ADD
543 silly ADD
544 silly ADD
545 silly ADD
546 silly ADD
547 silly ADD
548 silly ADD
549 silly ADD
550 silly ADD
551 silly ADD
552 silly ADD
553 silly ADD
554 silly ADD
555 silly ADD
556 silly ADD
557 silly ADD
558 silly ADD
559 silly ADD
560 silly ADD
561 verbose cwd /Users/bethegnt/Documents/app
562 verbose os Darwin 25.1.0
563 verbose node v22.11.0
564 verbose npm  v10.9.0
565 verbose exit 0
566 info ok
