0 verbose cli /Users/bethegnt/.nvm/versions/node/v22.11.0/bin/node /Users/bethegnt/.nvm/versions/node/v22.11.0/bin/npm
1 info using npm@10.9.0
2 info using node@v22.11.0
3 silly config load:file:/Users/bethegnt/.nvm/versions/node/v22.11.0/lib/node_modules/npm/npmrc
4 silly config load:file:/Users/bethegnt/Documents/app/.npmrc
5 silly config load:file:/Users/bethegnt/.npmrc
6 silly config load:file:/Users/bethegnt/.nvm/versions/node/v22.11.0/etc/npmrc
7 verbose title npm install tailwindcss postcss autoprefixer
8 verbose argv "install" "--save-dev" "tailwindcss" "postcss" "autoprefixer"
9 verbose logfile logs-max:10 dir:/Users/bethegnt/.npm/_logs/2025-11-19T16_52_17_093Z-
10 verbose logfile /Users/bethegnt/.npm/_logs/2025-11-19T16_52_17_093Z-debug-0.log
11 silly logfile start cleaning logs, removing 1 files
12 silly packumentCache heap:2197815296 maxSize:549453824 maxEntrySize:274726912
13 silly logfile done cleaning log files
14 silly idealTree buildDeps
15 silly fetch manifest autoprefixer@^10.4.22
16 silly packumentCache full:https://registry.npmjs.org/autoprefixer cache-miss
17 http fetch GET 200 https://registry.npmjs.org/autoprefixer 34ms (cache hit)
18 silly packumentCache full:https://registry.npmjs.org/autoprefixer set size:1250036 disposed:false
19 silly fetch manifest postcss@^8.5.6
20 silly packumentCache full:https://registry.npmjs.org/postcss cache-miss
21 http fetch GET 200 https://registry.npmjs.org/postcss 11ms (cache hit)
22 silly packumentCache full:https://registry.npmjs.org/postcss set size:696248 disposed:false
23 silly fetch manifest tailwindcss@^4.1.17
24 silly packumentCache full:https://registry.npmjs.org/tailwindcss cache-miss
25 http fetch GET 200 https://registry.npmjs.org/tailwindcss 33ms (cache hit)
26 silly packumentCache full:https://registry.npmjs.org/tailwindcss set size:9868088 disposed:false
27 silly placeDep ROOT autoprefixer@10.4.22 REPLACE for: app@0.0.0 want: ^10.4.22
28 silly placeDep ROOT postcss@8.5.6 REPLACE for: app@0.0.0 want: ^8.5.6
29 silly placeDep ROOT tailwindcss@4.1.17 REPLACE for: app@0.0.0 want: ^4.1.17
30 warn EBADENGINE Unsupported engine {
30 warn EBADENGINE   package: '@vitejs/plugin-react@5.1.1',
30 warn EBADENGINE   required: { node: '^20.19.0 || >=22.12.0' },
30 warn EBADENGINE   current: { node: 'v22.11.0', npm: '10.9.0' }
30 warn EBADENGINE }
31 warn EBADENGINE Unsupported engine {
31 warn EBADENGINE   package: 'vite@7.2.2',
31 warn EBADENGINE   required: { node: '^20.19.0 || >=22.12.0' },
31 warn EBADENGINE   current: { node: 'v22.11.0', npm: '10.9.0' }
31 warn EBADENGINE }
32 silly reify moves {}
33 silly audit bulk request {
33 silly audit   '@babel/code-frame': [ '7.27.1' ],
33 silly audit   '@babel/compat-data': [ '7.28.5' ],
33 silly audit   '@babel/core': [ '7.28.5' ],
33 silly audit   '@babel/generator': [ '7.28.5' ],
33 silly audit   '@babel/helper-compilation-targets': [ '7.27.2' ],
33 silly audit   '@babel/helper-globals': [ '7.28.0' ],
33 silly audit   '@babel/helper-module-imports': [ '7.27.1' ],
33 silly audit   '@babel/helper-module-transforms': [ '7.28.3' ],
33 silly audit   '@babel/helper-plugin-utils': [ '7.27.1' ],
33 silly audit   '@babel/helper-string-parser': [ '7.27.1' ],
33 silly audit   '@babel/helper-validator-identifier': [ '7.28.5' ],
33 silly audit   '@babel/helper-validator-option': [ '7.27.1' ],
33 silly audit   '@babel/helpers': [ '7.28.4' ],
33 silly audit   '@babel/parser': [ '7.28.5' ],
33 silly audit   '@babel/plugin-transform-react-jsx-self': [ '7.27.1' ],
33 silly audit   '@babel/plugin-transform-react-jsx-source': [ '7.27.1' ],
33 silly audit   '@babel/template': [ '7.27.2' ],
33 silly audit   '@babel/traverse': [ '7.28.5' ],
33 silly audit   '@babel/types': [ '7.28.5' ],
33 silly audit   '@esbuild/aix-ppc64': [ '0.25.12' ],
33 silly audit   '@esbuild/android-arm': [ '0.25.12' ],
33 silly audit   '@esbuild/android-arm64': [ '0.25.12' ],
33 silly audit   '@esbuild/android-x64': [ '0.25.12' ],
33 silly audit   '@esbuild/darwin-arm64': [ '0.25.12' ],
33 silly audit   '@esbuild/darwin-x64': [ '0.25.12' ],
33 silly audit   '@esbuild/freebsd-arm64': [ '0.25.12' ],
33 silly audit   '@esbuild/freebsd-x64': [ '0.25.12' ],
33 silly audit   '@esbuild/linux-arm': [ '0.25.12' ],
33 silly audit   '@esbuild/linux-arm64': [ '0.25.12' ],
33 silly audit   '@esbuild/linux-ia32': [ '0.25.12' ],
33 silly audit   '@esbuild/linux-loong64': [ '0.25.12' ],
33 silly audit   '@esbuild/linux-mips64el': [ '0.25.12' ],
33 silly audit   '@esbuild/linux-ppc64': [ '0.25.12' ],
33 silly audit   '@esbuild/linux-riscv64': [ '0.25.12' ],
33 silly audit   '@esbuild/linux-s390x': [ '0.25.12' ],
33 silly audit   '@esbuild/linux-x64': [ '0.25.12' ],
33 silly audit   '@esbuild/netbsd-arm64': [ '0.25.12' ],
33 silly audit   '@esbuild/netbsd-x64': [ '0.25.12' ],
33 silly audit   '@esbuild/openbsd-arm64': [ '0.25.12' ],
33 silly audit   '@esbuild/openbsd-x64': [ '0.25.12' ],
33 silly audit   '@esbuild/openharmony-arm64': [ '0.25.12' ],
33 silly audit   '@esbuild/sunos-x64': [ '0.25.12' ],
33 silly audit   '@esbuild/win32-arm64': [ '0.25.12' ],
33 silly audit   '@esbuild/win32-ia32': [ '0.25.12' ],
33 silly audit   '@esbuild/win32-x64': [ '0.25.12' ],
33 silly audit   '@eslint-community/eslint-utils': [ '4.9.0' ],
33 silly audit   'eslint-visitor-keys': [ '3.4.3', '4.2.1' ],
33 silly audit   '@eslint-community/regexpp': [ '4.12.2' ],
33 silly audit   '@eslint/config-array': [ '0.21.1' ],
33 silly audit   '@eslint/config-helpers': [ '0.4.2' ],
33 silly audit   '@eslint/core': [ '0.17.0' ],
33 silly audit   '@eslint/eslintrc': [ '3.3.1' ],
33 silly audit   globals: [ '14.0.0', '16.5.0' ],
33 silly audit   '@eslint/js': [ '9.39.1' ],
33 silly audit   '@eslint/object-schema': [ '2.1.7' ],
33 silly audit   '@eslint/plugin-kit': [ '0.4.1' ],
33 silly audit   '@humanfs/core': [ '0.19.1' ],
33 silly audit   '@humanfs/node': [ '0.16.7' ],
33 silly audit   '@humanwhocodes/module-importer': [ '1.0.1' ],
33 silly audit   '@humanwhocodes/retry': [ '0.4.3' ],
33 silly audit   '@jridgewell/gen-mapping': [ '0.3.13' ],
33 silly audit   '@jridgewell/remapping': [ '2.3.5' ],
33 silly audit   '@jridgewell/resolve-uri': [ '3.1.2' ],
33 silly audit   '@jridgewell/sourcemap-codec': [ '1.5.5' ],
33 silly audit   '@jridgewell/trace-mapping': [ '0.3.31' ],
33 silly audit   '@rolldown/pluginutils': [ '1.0.0-beta.47' ],
33 silly audit   '@rollup/rollup-android-arm-eabi': [ '4.53.3' ],
33 silly audit   '@rollup/rollup-android-arm64': [ '4.53.3' ],
33 silly audit   '@rollup/rollup-darwin-arm64': [ '4.53.3' ],
33 silly audit   '@rollup/rollup-darwin-x64': [ '4.53.3' ],
33 silly audit   '@rollup/rollup-freebsd-arm64': [ '4.53.3' ],
33 silly audit   '@rollup/rollup-freebsd-x64': [ '4.53.3' ],
33 silly audit   '@rollup/rollup-linux-arm-gnueabihf': [ '4.53.3' ],
33 silly audit   '@rollup/rollup-linux-arm-musleabihf': [ '4.53.3' ],
33 silly audit   '@rollup/rollup-linux-arm64-gnu': [ '4.53.3' ],
33 silly audit   '@rollup/rollup-linux-arm64-musl': [ '4.53.3' ],
33 silly audit   '@rollup/rollup-linux-loong64-gnu': [ '4.53.3' ],
33 silly audit   '@rollup/rollup-linux-ppc64-gnu': [ '4.53.3' ],
33 silly audit   '@rollup/rollup-linux-riscv64-gnu': [ '4.53.3' ],
33 silly audit   '@rollup/rollup-linux-riscv64-musl': [ '4.53.3' ],
33 silly audit   '@rollup/rollup-linux-s390x-gnu': [ '4.53.3' ],
33 silly audit   '@rollup/rollup-linux-x64-gnu': [ '4.53.3' ],
33 silly audit   '@rollup/rollup-linux-x64-musl': [ '4.53.3' ],
33 silly audit   '@rollup/rollup-openharmony-arm64': [ '4.53.3' ],
33 silly audit   '@rollup/rollup-win32-arm64-msvc': [ '4.53.3' ],
33 silly audit   '@rollup/rollup-win32-ia32-msvc': [ '4.53.3' ],
33 silly audit   '@rollup/rollup-win32-x64-gnu': [ '4.53.3' ],
33 silly audit   '@rollup/rollup-win32-x64-msvc': [ '4.53.3' ],
33 silly audit   '@types/babel__core': [ '7.20.5' ],
33 silly audit   '@types/babel__generator': [ '7.27.0' ],
33 silly audit   '@types/babel__template': [ '7.4.4' ],
33 silly audit   '@types/babel__traverse': [ '7.28.0' ],
33 silly audit   '@types/estree': [ '1.0.8' ],
33 silly audit   '@types/json-schema': [ '7.0.15' ],
33 silly audit   '@types/react': [ '19.2.6' ],
33 silly audit   '@types/react-dom': [ '19.2.3' ],
33 silly audit   '@vitejs/plugin-react': [ '5.1.1' ],
33 silly audit   acorn: [ '8.15.0' ],
33 silly audit   'acorn-jsx': [ '5.3.2' ],
33 silly audit   ajv: [ '6.12.6' ],
33 silly audit   'ansi-styles': [ '4.3.0' ],
33 silly audit   argparse: [ '2.0.1' ],
33 silly audit   'balanced-match': [ '1.0.2' ],
33 silly audit   'baseline-browser-mapping': [ '2.8.29' ],
33 silly audit   'brace-expansion': [ '1.1.12' ],
33 silly audit   browserslist: [ '4.28.0' ],
33 silly audit   callsites: [ '3.1.0' ],
33 silly audit   'caniuse-lite': [ '1.0.30001756' ],
33 silly audit   chalk: [ '4.1.2' ],
33 silly audit   'color-convert': [ '2.0.1' ],
33 silly audit   'color-name': [ '1.1.4' ],
33 silly audit   'concat-map': [ '0.0.1' ],
33 silly audit   'convert-source-map': [ '2.0.0' ],
33 silly audit   'cross-spawn': [ '7.0.6' ],
33 silly audit   csstype: [ '3.2.3' ],
33 silly audit   debug: [ '4.4.3' ],
33 silly audit   'deep-is': [ '0.1.4' ],
33 silly audit   'electron-to-chromium': [ '1.5.256' ],
33 silly audit   esbuild: [ '0.25.12' ],
33 silly audit   escalade: [ '3.2.0' ],
33 silly audit   'escape-string-regexp': [ '4.0.0' ],
33 silly audit   eslint: [ '9.39.1' ],
33 silly audit   'eslint-plugin-react-hooks': [ '7.0.1' ],
33 silly audit   'eslint-plugin-react-refresh': [ '0.4.24' ],
33 silly audit   'eslint-scope': [ '8.4.0' ],
33 silly audit   espree: [ '10.4.0' ],
33 silly audit   esquery: [ '1.6.0' ],
33 silly audit   esrecurse: [ '4.3.0' ],
33 silly audit   estraverse: [ '5.3.0' ],
33 silly audit   esutils: [ '2.0.3' ],
33 silly audit   'fast-deep-equal': [ '3.1.3' ],
33 silly audit   'fast-json-stable-stringify': [ '2.1.0' ],
33 silly audit   'fast-levenshtein': [ '2.0.6' ],
33 silly audit   fdir: [ '6.5.0' ],
33 silly audit   'file-entry-cache': [ '8.0.0' ],
33 silly audit   'find-up': [ '5.0.0' ],
33 silly audit   'flat-cache': [ '4.0.1' ],
33 silly audit   flatted: [ '3.3.3' ],
33 silly audit   'fraction.js': [ '5.3.4' ],
33 silly audit   fsevents: [ '2.3.3' ],
33 silly audit   gensync: [ '1.0.0-beta.2' ],
33 silly audit   'glob-parent': [ '6.0.2' ],
33 silly audit   'has-flag': [ '4.0.0' ],
33 silly audit   'hermes-estree': [ '0.25.1' ],
33 silly audit   'hermes-parser': [ '0.25.1' ],
33 silly audit   ignore: [ '5.3.2' ],
33 silly audit   'import-fresh': [ '3.3.1' ],
33 silly audit   imurmurhash: [ '0.1.4' ],
33 silly audit   'is-extglob': [ '2.1.1' ],
33 silly audit   'is-glob': [ '4.0.3' ],
33 silly audit   isexe: [ '2.0.0' ],
33 silly audit   'js-tokens': [ '4.0.0' ],
33 silly audit   'js-yaml': [ '4.1.1' ],
33 silly audit   jsesc: [ '3.1.0' ],
33 silly audit   'json-buffer': [ '3.0.1' ],
33 silly audit   'json-schema-traverse': [ '0.4.1' ],
33 silly audit   'json-stable-stringify-without-jsonify': [ '1.0.1' ],
33 silly audit   json5: [ '2.2.3' ],
33 silly audit   keyv: [ '4.5.4' ],
33 silly audit   levn: [ '0.4.1' ],
33 silly audit   'locate-path': [ '6.0.0' ],
33 silly audit   'lodash.merge': [ '4.6.2' ],
33 silly audit   'lru-cache': [ '5.1.1' ],
33 silly audit   minimatch: [ '3.1.2' ],
33 silly audit   ms: [ '2.1.3' ],
33 silly audit   nanoid: [ '3.3.11' ],
33 silly audit   'natural-compare': [ '1.4.0' ],
33 silly audit   'node-releases': [ '2.0.27' ],
33 silly audit   'normalize-range': [ '0.1.2' ],
33 silly audit   optionator: [ '0.9.4' ],
33 silly audit   'p-limit': [ '3.1.0' ],
33 silly audit   'p-locate': [ '5.0.0' ],
33 silly audit   'parent-module': [ '1.0.1' ],
33 silly audit   'path-exists': [ '4.0.0' ],
33 silly audit   'path-key': [ '3.1.1' ],
33 silly audit   picocolors: [ '1.1.1' ],
33 silly audit   picomatch: [ '4.0.3' ],
33 silly audit   'postcss-value-parser': [ '4.2.0' ],
33 silly audit   'prelude-ls': [ '1.2.1' ],
33 silly audit   punycode: [ '2.3.1' ],
33 silly audit   react: [ '19.2.0' ],
33 silly audit   'react-dom': [ '19.2.0' ],
33 silly audit   'react-refresh': [ '0.18.0' ],
33 silly audit   'resolve-from': [ '4.0.0' ],
33 silly audit   rollup: [ '4.53.3' ],
33 silly audit   scheduler: [ '0.27.0' ],
33 silly audit   semver: [ '6.3.1' ],
33 silly audit   'shebang-command': [ '2.0.0' ],
33 silly audit   'shebang-regex': [ '3.0.0' ],
33 silly audit   'source-map-js': [ '1.2.1' ],
33 silly audit   'strip-json-comments': [ '3.1.1' ],
33 silly audit   'supports-color': [ '7.2.0' ],
33 silly audit   tinyglobby: [ '0.2.15' ],
33 silly audit   'type-check': [ '0.4.0' ],
33 silly audit   'update-browserslist-db': [ '1.1.4' ],
33 silly audit   'uri-js': [ '4.4.1' ],
33 silly audit   vite: [ '7.2.2' ],
33 silly audit   which: [ '2.0.2' ],
33 silly audit   'word-wrap': [ '1.2.5' ],
33 silly audit   yallist: [ '3.1.1' ],
33 silly audit   'yocto-queue': [ '0.1.0' ],
33 silly audit   zod: [ '4.1.12' ],
33 silly audit   'zod-validation-error': [ '4.0.2' ],
33 silly audit   autoprefixer: [ '10.4.22' ],
33 silly audit   postcss: [ '8.5.6' ],
33 silly audit   tailwindcss: [ '4.1.17' ]
33 silly audit }
34 verbose reify failed optional dependency /Users/bethegnt/Documents/app/node_modules/@rollup/rollup-win32-x64-msvc
35 silly reify mark deleted [
35 silly reify   '/Users/bethegnt/Documents/app/node_modules/@rollup/rollup-win32-x64-msvc'
35 silly reify ]
36 verbose reify failed optional dependency /Users/bethegnt/Documents/app/node_modules/@rollup/rollup-win32-x64-gnu
37 silly reify mark deleted [
37 silly reify   '/Users/bethegnt/Documents/app/node_modules/@rollup/rollup-win32-x64-gnu'
37 silly reify ]
38 verbose reify failed optional dependency /Users/bethegnt/Documents/app/node_modules/@rollup/rollup-win32-ia32-msvc
39 silly reify mark deleted [
39 silly reify   '/Users/bethegnt/Documents/app/node_modules/@rollup/rollup-win32-ia32-msvc'
39 silly reify ]
40 verbose reify failed optional dependency /Users/bethegnt/Documents/app/node_modules/@rollup/rollup-win32-arm64-msvc
41 silly reify mark deleted [
41 silly reify   '/Users/bethegnt/Documents/app/node_modules/@rollup/rollup-win32-arm64-msvc'
41 silly reify ]
42 verbose reify failed optional dependency /Users/bethegnt/Documents/app/node_modules/@rollup/rollup-openharmony-arm64
43 silly reify mark deleted [
43 silly reify   '/Users/bethegnt/Documents/app/node_modules/@rollup/rollup-openharmony-arm64'
43 silly reify ]
44 verbose reify failed optional dependency /Users/bethegnt/Documents/app/node_modules/@rollup/rollup-linux-x64-musl
45 silly reify mark deleted [
45 silly reify   '/Users/bethegnt/Documents/app/node_modules/@rollup/rollup-linux-x64-musl'
45 silly reify ]
46 verbose reify failed optional dependency /Users/bethegnt/Documents/app/node_modules/@rollup/rollup-linux-x64-gnu
47 silly reify mark deleted [
47 silly reify   '/Users/bethegnt/Documents/app/node_modules/@rollup/rollup-linux-x64-gnu'
47 silly reify ]
48 verbose reify failed optional dependency /Users/bethegnt/Documents/app/node_modules/@rollup/rollup-linux-s390x-gnu
49 silly reify mark deleted [
49 silly reify   '/Users/bethegnt/Documents/app/node_modules/@rollup/rollup-linux-s390x-gnu'
49 silly reify ]
50 verbose reify failed optional dependency /Users/bethegnt/Documents/app/node_modules/@rollup/rollup-linux-riscv64-musl
51 silly reify mark deleted [
51 silly reify   '/Users/bethegnt/Documents/app/node_modules/@rollup/rollup-linux-riscv64-musl'
51 silly reify ]
52 verbose reify failed optional dependency /Users/bethegnt/Documents/app/node_modules/@rollup/rollup-linux-riscv64-gnu
53 silly reify mark deleted [
53 silly reify   '/Users/bethegnt/Documents/app/node_modules/@rollup/rollup-linux-riscv64-gnu'
53 silly reify ]
54 verbose reify failed optional dependency /Users/bethegnt/Documents/app/node_modules/@rollup/rollup-linux-ppc64-gnu
55 silly reify mark deleted [
55 silly reify   '/Users/bethegnt/Documents/app/node_modules/@rollup/rollup-linux-ppc64-gnu'
55 silly reify ]
56 verbose reify failed optional dependency /Users/bethegnt/Documents/app/node_modules/@rollup/rollup-linux-loong64-gnu
57 silly reify mark deleted [
57 silly reify   '/Users/bethegnt/Documents/app/node_modules/@rollup/rollup-linux-loong64-gnu'
57 silly reify ]
58 verbose reify failed optional dependency /Users/bethegnt/Documents/app/node_modules/@rollup/rollup-linux-arm64-musl
59 silly reify mark deleted [
59 silly reify   '/Users/bethegnt/Documents/app/node_modules/@rollup/rollup-linux-arm64-musl'
59 silly reify ]
60 verbose reify failed optional dependency /Users/bethegnt/Documents/app/node_modules/@rollup/rollup-linux-arm64-gnu
61 silly reify mark deleted [
61 silly reify   '/Users/bethegnt/Documents/app/node_modules/@rollup/rollup-linux-arm64-gnu'
61 silly reify ]
62 verbose reify failed optional dependency /Users/bethegnt/Documents/app/node_modules/@rollup/rollup-linux-arm-musleabihf
63 silly reify mark deleted [
63 silly reify   '/Users/bethegnt/Documents/app/node_modules/@rollup/rollup-linux-arm-musleabihf'
63 silly reify ]
64 verbose reify failed optional dependency /Users/bethegnt/Documents/app/node_modules/@rollup/rollup-linux-arm-gnueabihf
65 silly reify mark deleted [
65 silly reify   '/Users/bethegnt/Documents/app/node_modules/@rollup/rollup-linux-arm-gnueabihf'
65 silly reify ]
66 verbose reify failed optional dependency /Users/bethegnt/Documents/app/node_modules/@rollup/rollup-freebsd-x64
67 silly reify mark deleted [
67 silly reify   '/Users/bethegnt/Documents/app/node_modules/@rollup/rollup-freebsd-x64'
67 silly reify ]
68 verbose reify failed optional dependency /Users/bethegnt/Documents/app/node_modules/@rollup/rollup-freebsd-arm64
69 silly reify mark deleted [
69 silly reify   '/Users/bethegnt/Documents/app/node_modules/@rollup/rollup-freebsd-arm64'
69 silly reify ]
70 verbose reify failed optional dependency /Users/bethegnt/Documents/app/node_modules/@rollup/rollup-darwin-x64
71 silly reify mark deleted [
71 silly reify   '/Users/bethegnt/Documents/app/node_modules/@rollup/rollup-darwin-x64'
71 silly reify ]
72 verbose reify failed optional dependency /Users/bethegnt/Documents/app/node_modules/@rollup/rollup-android-arm64
73 silly reify mark deleted [
73 silly reify   '/Users/bethegnt/Documents/app/node_modules/@rollup/rollup-android-arm64'
73 silly reify ]
74 verbose reify failed optional dependency /Users/bethegnt/Documents/app/node_modules/@rollup/rollup-android-arm-eabi
75 silly reify mark deleted [
75 silly reify   '/Users/bethegnt/Documents/app/node_modules/@rollup/rollup-android-arm-eabi'
75 silly reify ]
76 verbose reify failed optional dependency /Users/bethegnt/Documents/app/node_modules/@esbuild/win32-x64
77 silly reify mark deleted [ '/Users/bethegnt/Documents/app/node_modules/@esbuild/win32-x64' ]
78 verbose reify failed optional dependency /Users/bethegnt/Documents/app/node_modules/@esbuild/win32-ia32
79 silly reify mark deleted [ '/Users/bethegnt/Documents/app/node_modules/@esbuild/win32-ia32' ]
80 verbose reify failed optional dependency /Users/bethegnt/Documents/app/node_modules/@esbuild/win32-arm64
81 silly reify mark deleted [ '/Users/bethegnt/Documents/app/node_modules/@esbuild/win32-arm64' ]
82 verbose reify failed optional dependency /Users/bethegnt/Documents/app/node_modules/@esbuild/sunos-x64
83 silly reify mark deleted [ '/Users/bethegnt/Documents/app/node_modules/@esbuild/sunos-x64' ]
84 verbose reify failed optional dependency /Users/bethegnt/Documents/app/node_modules/@esbuild/openharmony-arm64
85 silly reify mark deleted [
85 silly reify   '/Users/bethegnt/Documents/app/node_modules/@esbuild/openharmony-arm64'
85 silly reify ]
86 verbose reify failed optional dependency /Users/bethegnt/Documents/app/node_modules/@esbuild/openbsd-x64
87 silly reify mark deleted [ '/Users/bethegnt/Documents/app/node_modules/@esbuild/openbsd-x64' ]
88 verbose reify failed optional dependency /Users/bethegnt/Documents/app/node_modules/@esbuild/openbsd-arm64
89 silly reify mark deleted [ '/Users/bethegnt/Documents/app/node_modules/@esbuild/openbsd-arm64' ]
90 verbose reify failed optional dependency /Users/bethegnt/Documents/app/node_modules/@esbuild/netbsd-x64
91 silly reify mark deleted [ '/Users/bethegnt/Documents/app/node_modules/@esbuild/netbsd-x64' ]
92 verbose reify failed optional dependency /Users/bethegnt/Documents/app/node_modules/@esbuild/netbsd-arm64
93 silly reify mark deleted [ '/Users/bethegnt/Documents/app/node_modules/@esbuild/netbsd-arm64' ]
94 verbose reify failed optional dependency /Users/bethegnt/Documents/app/node_modules/@esbuild/linux-x64
95 silly reify mark deleted [ '/Users/bethegnt/Documents/app/node_modules/@esbuild/linux-x64' ]
96 verbose reify failed optional dependency /Users/bethegnt/Documents/app/node_modules/@esbuild/linux-s390x
97 silly reify mark deleted [ '/Users/bethegnt/Documents/app/node_modules/@esbuild/linux-s390x' ]
98 verbose reify failed optional dependency /Users/bethegnt/Documents/app/node_modules/@esbuild/linux-riscv64
99 silly reify mark deleted [ '/Users/bethegnt/Documents/app/node_modules/@esbuild/linux-riscv64' ]
100 verbose reify failed optional dependency /Users/bethegnt/Documents/app/node_modules/@esbuild/linux-ppc64
101 silly reify mark deleted [ '/Users/bethegnt/Documents/app/node_modules/@esbuild/linux-ppc64' ]
102 verbose reify failed optional dependency /Users/bethegnt/Documents/app/node_modules/@esbuild/linux-mips64el
103 silly reify mark deleted [
103 silly reify   '/Users/bethegnt/Documents/app/node_modules/@esbuild/linux-mips64el'
103 silly reify ]
104 verbose reify failed optional dependency /Users/bethegnt/Documents/app/node_modules/@esbuild/linux-loong64
105 silly reify mark deleted [ '/Users/bethegnt/Documents/app/node_modules/@esbuild/linux-loong64' ]
106 verbose reify failed optional dependency /Users/bethegnt/Documents/app/node_modules/@esbuild/linux-ia32
107 silly reify mark deleted [ '/Users/bethegnt/Documents/app/node_modules/@esbuild/linux-ia32' ]
108 verbose reify failed optional dependency /Users/bethegnt/Documents/app/node_modules/@esbuild/linux-arm64
109 silly reify mark deleted [ '/Users/bethegnt/Documents/app/node_modules/@esbuild/linux-arm64' ]
110 verbose reify failed optional dependency /Users/bethegnt/Documents/app/node_modules/@esbuild/linux-arm
111 silly reify mark deleted [ '/Users/bethegnt/Documents/app/node_modules/@esbuild/linux-arm' ]
112 verbose reify failed optional dependency /Users/bethegnt/Documents/app/node_modules/@esbuild/freebsd-x64
113 silly reify mark deleted [ '/Users/bethegnt/Documents/app/node_modules/@esbuild/freebsd-x64' ]
114 verbose reify failed optional dependency /Users/bethegnt/Documents/app/node_modules/@esbuild/freebsd-arm64
115 silly reify mark deleted [ '/Users/bethegnt/Documents/app/node_modules/@esbuild/freebsd-arm64' ]
116 verbose reify failed optional dependency /Users/bethegnt/Documents/app/node_modules/@esbuild/darwin-x64
117 silly reify mark deleted [ '/Users/bethegnt/Documents/app/node_modules/@esbuild/darwin-x64' ]
118 verbose reify failed optional dependency /Users/bethegnt/Documents/app/node_modules/@esbuild/android-x64
119 silly reify mark deleted [ '/Users/bethegnt/Documents/app/node_modules/@esbuild/android-x64' ]
120 verbose reify failed optional dependency /Users/bethegnt/Documents/app/node_modules/@esbuild/android-arm64
121 silly reify mark deleted [ '/Users/bethegnt/Documents/app/node_modules/@esbuild/android-arm64' ]
122 verbose reify failed optional dependency /Users/bethegnt/Documents/app/node_modules/@esbuild/android-arm
123 silly reify mark deleted [ '/Users/bethegnt/Documents/app/node_modules/@esbuild/android-arm' ]
124 verbose reify failed optional dependency /Users/bethegnt/Documents/app/node_modules/@esbuild/aix-ppc64
125 silly reify mark deleted [ '/Users/bethegnt/Documents/app/node_modules/@esbuild/aix-ppc64' ]
126 http fetch POST 200 https://registry.npmjs.org/-/npm/v1/security/advisories/bulk 565ms
127 silly audit report {}
128 silly ADD
129 silly ADD
130 silly ADD
131 silly ADD
132 silly ADD
133 silly ADD
134 silly ADD
135 silly ADD
136 silly ADD
137 silly ADD
138 silly ADD
139 silly ADD
140 silly ADD
141 silly ADD
142 silly ADD
143 silly ADD
144 silly ADD
145 silly ADD
146 silly ADD
147 silly ADD
148 silly ADD
149 silly ADD
150 silly ADD
151 silly ADD
152 silly ADD
153 silly ADD
154 silly ADD
155 silly ADD
156 silly ADD
157 silly ADD
158 silly ADD
159 silly ADD
160 silly ADD
161 silly ADD
162 silly ADD
163 silly ADD
164 silly ADD
165 silly ADD
166 silly ADD
167 silly ADD
168 silly ADD
169 silly ADD
170 silly ADD
171 silly ADD
172 silly ADD
173 silly ADD
174 verbose cwd /Users/bethegnt/Documents/app
175 verbose os Darwin 25.1.0
176 verbose node v22.11.0
177 verbose npm  v10.9.0
178 verbose exit 0
179 info ok
