0 verbose cli /Users/bethegnt/.nvm/versions/node/v22.11.0/bin/node /Users/bethegnt/.nvm/versions/node/v22.11.0/bin/npm
1 info using npm@10.9.0
2 info using node@v22.11.0
3 silly config load:file:/Users/bethegnt/.nvm/versions/node/v22.11.0/lib/node_modules/npm/npmrc
4 silly config load:file:/Users/bethegnt/Documents/app/.npmrc
5 silly config load:file:/Users/bethegnt/.npmrc
6 silly config load:file:/Users/bethegnt/.nvm/versions/node/v22.11.0/etc/npmrc
7 verbose title npm install tailwindcss postcss autoprefixer
8 verbose argv "install" "--save-dev" "tailwindcss" "postcss" "autoprefixer"
9 verbose logfile logs-max:10 dir:/Users/bethegnt/.npm/_logs/2025-11-19T16_52_07_053Z-
10 verbose logfile /Users/bethegnt/.npm/_logs/2025-11-19T16_52_07_053Z-debug-0.log
11 silly logfile start cleaning logs, removing 1 files
12 silly packumentCache heap:2197815296 maxSize:549453824 maxEntrySize:274726912
13 silly logfile done cleaning log files
14 silly idealTree buildDeps
15 silly fetch manifest tailwindcss@*
16 silly packumentCache full:https://registry.npmjs.org/tailwindcss cache-miss
17 verbose shrinkwrap failed to load node_modules/.package-lock.json out of date, updated: node_modules
18 http fetch GET 200 https://registry.npmjs.org/tailwindcss 302ms (cache miss)
19 silly packumentCache full:https://registry.npmjs.org/tailwindcss set size:undefined disposed:false
20 silly fetch manifest postcss@*
21 silly packumentCache full:https://registry.npmjs.org/postcss cache-miss
22 http fetch GET 200 https://registry.npmjs.org/postcss 13ms (cache hit)
23 silly packumentCache full:https://registry.npmjs.org/postcss set size:696248 disposed:false
24 silly fetch manifest autoprefixer@*
25 silly packumentCache full:https://registry.npmjs.org/autoprefixer cache-miss
26 http fetch GET 200 https://registry.npmjs.org/autoprefixer 59ms (cache miss)
27 silly packumentCache full:https://registry.npmjs.org/autoprefixer set size:undefined disposed:false
28 silly placeDep ROOT autoprefixer@10.4.22 OK for: app@0.0.0 want: *
29 silly placeDep ROOT postcss@8.5.6 REPLACE for: app@0.0.0 want: *
30 silly placeDep ROOT tailwindcss@4.1.17 OK for: app@0.0.0 want: *
31 silly fetch manifest fraction.js@^5.3.4
32 silly packumentCache full:https://registry.npmjs.org/fraction.js cache-miss
33 silly fetch manifest normalize-range@^0.1.2
34 silly packumentCache full:https://registry.npmjs.org/normalize-range cache-miss
35 silly fetch manifest postcss-value-parser@^4.2.0
36 silly packumentCache full:https://registry.npmjs.org/postcss-value-parser cache-miss
37 http fetch GET 200 https://registry.npmjs.org/fraction.js 45ms (cache miss)
38 silly packumentCache full:https://registry.npmjs.org/fraction.js set size:undefined disposed:false
39 http fetch GET 200 https://registry.npmjs.org/postcss-value-parser 93ms (cache miss)
40 silly packumentCache full:https://registry.npmjs.org/postcss-value-parser set size:undefined disposed:false
41 http fetch GET 200 https://registry.npmjs.org/normalize-range 104ms (cache miss)
42 silly packumentCache full:https://registry.npmjs.org/normalize-range set size:undefined disposed:false
43 silly placeDep ROOT fraction.js@5.3.4 OK for: autoprefixer@10.4.22 want: ^5.3.4
44 silly placeDep ROOT normalize-range@0.1.2 OK for: autoprefixer@10.4.22 want: ^0.1.2
45 silly placeDep ROOT postcss-value-parser@4.2.0 OK for: autoprefixer@10.4.22 want: ^4.2.0
46 warn EBADENGINE Unsupported engine {
46 warn EBADENGINE   package: '@vitejs/plugin-react@5.1.1',
46 warn EBADENGINE   required: { node: '^20.19.0 || >=22.12.0' },
46 warn EBADENGINE   current: { node: 'v22.11.0', npm: '10.9.0' }
46 warn EBADENGINE }
47 warn EBADENGINE Unsupported engine {
47 warn EBADENGINE   package: 'vite@7.2.2',
47 warn EBADENGINE   required: { node: '^20.19.0 || >=22.12.0' },
47 warn EBADENGINE   current: { node: 'v22.11.0', npm: '10.9.0' }
47 warn EBADENGINE }
48 silly reify moves {}
49 silly audit bulk request {
49 silly audit   '@babel/code-frame': [ '7.27.1' ],
49 silly audit   '@babel/compat-data': [ '7.28.5' ],
49 silly audit   '@babel/core': [ '7.28.5' ],
49 silly audit   '@babel/generator': [ '7.28.5' ],
49 silly audit   '@babel/helper-compilation-targets': [ '7.27.2' ],
49 silly audit   '@babel/helper-globals': [ '7.28.0' ],
49 silly audit   '@babel/helper-module-imports': [ '7.27.1' ],
49 silly audit   '@babel/helper-module-transforms': [ '7.28.3' ],
49 silly audit   '@babel/helper-plugin-utils': [ '7.27.1' ],
49 silly audit   '@babel/helper-string-parser': [ '7.27.1' ],
49 silly audit   '@babel/helper-validator-identifier': [ '7.28.5' ],
49 silly audit   '@babel/helper-validator-option': [ '7.27.1' ],
49 silly audit   '@babel/helpers': [ '7.28.4' ],
49 silly audit   '@babel/parser': [ '7.28.5' ],
49 silly audit   '@babel/plugin-transform-react-jsx-self': [ '7.27.1' ],
49 silly audit   '@babel/plugin-transform-react-jsx-source': [ '7.27.1' ],
49 silly audit   '@babel/template': [ '7.27.2' ],
49 silly audit   '@babel/traverse': [ '7.28.5' ],
49 silly audit   '@babel/types': [ '7.28.5' ],
49 silly audit   '@esbuild/aix-ppc64': [ '0.25.12' ],
49 silly audit   '@esbuild/android-arm': [ '0.25.12' ],
49 silly audit   '@esbuild/android-arm64': [ '0.25.12' ],
49 silly audit   '@esbuild/android-x64': [ '0.25.12' ],
49 silly audit   '@esbuild/darwin-arm64': [ '0.25.12' ],
49 silly audit   '@esbuild/darwin-x64': [ '0.25.12' ],
49 silly audit   '@esbuild/freebsd-arm64': [ '0.25.12' ],
49 silly audit   '@esbuild/freebsd-x64': [ '0.25.12' ],
49 silly audit   '@esbuild/linux-arm': [ '0.25.12' ],
49 silly audit   '@esbuild/linux-arm64': [ '0.25.12' ],
49 silly audit   '@esbuild/linux-ia32': [ '0.25.12' ],
49 silly audit   '@esbuild/linux-loong64': [ '0.25.12' ],
49 silly audit   '@esbuild/linux-mips64el': [ '0.25.12' ],
49 silly audit   '@esbuild/linux-ppc64': [ '0.25.12' ],
49 silly audit   '@esbuild/linux-riscv64': [ '0.25.12' ],
49 silly audit   '@esbuild/linux-s390x': [ '0.25.12' ],
49 silly audit   '@esbuild/linux-x64': [ '0.25.12' ],
49 silly audit   '@esbuild/netbsd-arm64': [ '0.25.12' ],
49 silly audit   '@esbuild/netbsd-x64': [ '0.25.12' ],
49 silly audit   '@esbuild/openbsd-arm64': [ '0.25.12' ],
49 silly audit   '@esbuild/openbsd-x64': [ '0.25.12' ],
49 silly audit   '@esbuild/openharmony-arm64': [ '0.25.12' ],
49 silly audit   '@esbuild/sunos-x64': [ '0.25.12' ],
49 silly audit   '@esbuild/win32-arm64': [ '0.25.12' ],
49 silly audit   '@esbuild/win32-ia32': [ '0.25.12' ],
49 silly audit   '@esbuild/win32-x64': [ '0.25.12' ],
49 silly audit   '@eslint-community/eslint-utils': [ '4.9.0' ],
49 silly audit   'eslint-visitor-keys': [ '3.4.3', '4.2.1' ],
49 silly audit   '@eslint-community/regexpp': [ '4.12.2' ],
49 silly audit   '@eslint/config-array': [ '0.21.1' ],
49 silly audit   '@eslint/config-helpers': [ '0.4.2' ],
49 silly audit   '@eslint/core': [ '0.17.0' ],
49 silly audit   '@eslint/eslintrc': [ '3.3.1' ],
49 silly audit   globals: [ '14.0.0', '16.5.0' ],
49 silly audit   '@eslint/js': [ '9.39.1' ],
49 silly audit   '@eslint/object-schema': [ '2.1.7' ],
49 silly audit   '@eslint/plugin-kit': [ '0.4.1' ],
49 silly audit   '@humanfs/core': [ '0.19.1' ],
49 silly audit   '@humanfs/node': [ '0.16.7' ],
49 silly audit   '@humanwhocodes/module-importer': [ '1.0.1' ],
49 silly audit   '@humanwhocodes/retry': [ '0.4.3' ],
49 silly audit   '@jridgewell/gen-mapping': [ '0.3.13' ],
49 silly audit   '@jridgewell/remapping': [ '2.3.5' ],
49 silly audit   '@jridgewell/resolve-uri': [ '3.1.2' ],
49 silly audit   '@jridgewell/sourcemap-codec': [ '1.5.5' ],
49 silly audit   '@jridgewell/trace-mapping': [ '0.3.31' ],
49 silly audit   '@rolldown/pluginutils': [ '1.0.0-beta.47' ],
49 silly audit   '@rollup/rollup-android-arm-eabi': [ '4.53.3' ],
49 silly audit   '@rollup/rollup-android-arm64': [ '4.53.3' ],
49 silly audit   '@rollup/rollup-darwin-arm64': [ '4.53.3' ],
49 silly audit   '@rollup/rollup-darwin-x64': [ '4.53.3' ],
49 silly audit   '@rollup/rollup-freebsd-arm64': [ '4.53.3' ],
49 silly audit   '@rollup/rollup-freebsd-x64': [ '4.53.3' ],
49 silly audit   '@rollup/rollup-linux-arm-gnueabihf': [ '4.53.3' ],
49 silly audit   '@rollup/rollup-linux-arm-musleabihf': [ '4.53.3' ],
49 silly audit   '@rollup/rollup-linux-arm64-gnu': [ '4.53.3' ],
49 silly audit   '@rollup/rollup-linux-arm64-musl': [ '4.53.3' ],
49 silly audit   '@rollup/rollup-linux-loong64-gnu': [ '4.53.3' ],
49 silly audit   '@rollup/rollup-linux-ppc64-gnu': [ '4.53.3' ],
49 silly audit   '@rollup/rollup-linux-riscv64-gnu': [ '4.53.3' ],
49 silly audit   '@rollup/rollup-linux-riscv64-musl': [ '4.53.3' ],
49 silly audit   '@rollup/rollup-linux-s390x-gnu': [ '4.53.3' ],
49 silly audit   '@rollup/rollup-linux-x64-gnu': [ '4.53.3' ],
49 silly audit   '@rollup/rollup-linux-x64-musl': [ '4.53.3' ],
49 silly audit   '@rollup/rollup-openharmony-arm64': [ '4.53.3' ],
49 silly audit   '@rollup/rollup-win32-arm64-msvc': [ '4.53.3' ],
49 silly audit   '@rollup/rollup-win32-ia32-msvc': [ '4.53.3' ],
49 silly audit   '@rollup/rollup-win32-x64-gnu': [ '4.53.3' ],
49 silly audit   '@rollup/rollup-win32-x64-msvc': [ '4.53.3' ],
49 silly audit   '@types/babel__core': [ '7.20.5' ],
49 silly audit   '@types/babel__generator': [ '7.27.0' ],
49 silly audit   '@types/babel__template': [ '7.4.4' ],
49 silly audit   '@types/babel__traverse': [ '7.28.0' ],
49 silly audit   '@types/estree': [ '1.0.8' ],
49 silly audit   '@types/json-schema': [ '7.0.15' ],
49 silly audit   '@types/react': [ '19.2.6' ],
49 silly audit   '@types/react-dom': [ '19.2.3' ],
49 silly audit   '@vitejs/plugin-react': [ '5.1.1' ],
49 silly audit   acorn: [ '8.15.0' ],
49 silly audit   'acorn-jsx': [ '5.3.2' ],
49 silly audit   ajv: [ '6.12.6' ],
49 silly audit   'ansi-styles': [ '4.3.0' ],
49 silly audit   argparse: [ '2.0.1' ],
49 silly audit   'balanced-match': [ '1.0.2' ],
49 silly audit   'baseline-browser-mapping': [ '2.8.29' ],
49 silly audit   'brace-expansion': [ '1.1.12' ],
49 silly audit   browserslist: [ '4.28.0' ],
49 silly audit   callsites: [ '3.1.0' ],
49 silly audit   'caniuse-lite': [ '1.0.30001756' ],
49 silly audit   chalk: [ '4.1.2' ],
49 silly audit   'color-convert': [ '2.0.1' ],
49 silly audit   'color-name': [ '1.1.4' ],
49 silly audit   'concat-map': [ '0.0.1' ],
49 silly audit   'convert-source-map': [ '2.0.0' ],
49 silly audit   'cross-spawn': [ '7.0.6' ],
49 silly audit   csstype: [ '3.2.3' ],
49 silly audit   debug: [ '4.4.3' ],
49 silly audit   'deep-is': [ '0.1.4' ],
49 silly audit   'electron-to-chromium': [ '1.5.256' ],
49 silly audit   esbuild: [ '0.25.12' ],
49 silly audit   escalade: [ '3.2.0' ],
49 silly audit   'escape-string-regexp': [ '4.0.0' ],
49 silly audit   eslint: [ '9.39.1' ],
49 silly audit   'eslint-plugin-react-hooks': [ '7.0.1' ],
49 silly audit   'eslint-plugin-react-refresh': [ '0.4.24' ],
49 silly audit   'eslint-scope': [ '8.4.0' ],
49 silly audit   espree: [ '10.4.0' ],
49 silly audit   esquery: [ '1.6.0' ],
49 silly audit   esrecurse: [ '4.3.0' ],
49 silly audit   estraverse: [ '5.3.0' ],
49 silly audit   esutils: [ '2.0.3' ],
49 silly audit   'fast-deep-equal': [ '3.1.3' ],
49 silly audit   'fast-json-stable-stringify': [ '2.1.0' ],
49 silly audit   'fast-levenshtein': [ '2.0.6' ],
49 silly audit   fdir: [ '6.5.0' ],
49 silly audit   'file-entry-cache': [ '8.0.0' ],
49 silly audit   'find-up': [ '5.0.0' ],
49 silly audit   'flat-cache': [ '4.0.1' ],
49 silly audit   flatted: [ '3.3.3' ],
49 silly audit   fsevents: [ '2.3.3' ],
49 silly audit   gensync: [ '1.0.0-beta.2' ],
49 silly audit   'glob-parent': [ '6.0.2' ],
49 silly audit   'has-flag': [ '4.0.0' ],
49 silly audit   'hermes-estree': [ '0.25.1' ],
49 silly audit   'hermes-parser': [ '0.25.1' ],
49 silly audit   ignore: [ '5.3.2' ],
49 silly audit   'import-fresh': [ '3.3.1' ],
49 silly audit   imurmurhash: [ '0.1.4' ],
49 silly audit   'is-extglob': [ '2.1.1' ],
49 silly audit   'is-glob': [ '4.0.3' ],
49 silly audit   isexe: [ '2.0.0' ],
49 silly audit   'js-tokens': [ '4.0.0' ],
49 silly audit   'js-yaml': [ '4.1.1' ],
49 silly audit   jsesc: [ '3.1.0' ],
49 silly audit   'json-buffer': [ '3.0.1' ],
49 silly audit   'json-schema-traverse': [ '0.4.1' ],
49 silly audit   'json-stable-stringify-without-jsonify': [ '1.0.1' ],
49 silly audit   json5: [ '2.2.3' ],
49 silly audit   keyv: [ '4.5.4' ],
49 silly audit   levn: [ '0.4.1' ],
49 silly audit   'locate-path': [ '6.0.0' ],
49 silly audit   'lodash.merge': [ '4.6.2' ],
49 silly audit   'lru-cache': [ '5.1.1' ],
49 silly audit   minimatch: [ '3.1.2' ],
49 silly audit   ms: [ '2.1.3' ],
49 silly audit   nanoid: [ '3.3.11' ],
49 silly audit   'natural-compare': [ '1.4.0' ],
49 silly audit   'node-releases': [ '2.0.27' ],
49 silly audit   optionator: [ '0.9.4' ],
49 silly audit   'p-limit': [ '3.1.0' ],
49 silly audit   'p-locate': [ '5.0.0' ],
49 silly audit   'parent-module': [ '1.0.1' ],
49 silly audit   'path-exists': [ '4.0.0' ],
49 silly audit   'path-key': [ '3.1.1' ],
49 silly audit   picocolors: [ '1.1.1' ],
49 silly audit   picomatch: [ '4.0.3' ],
49 silly audit   'prelude-ls': [ '1.2.1' ],
49 silly audit   punycode: [ '2.3.1' ],
49 silly audit   react: [ '19.2.0' ],
49 silly audit   'react-dom': [ '19.2.0' ],
49 silly audit   'react-refresh': [ '0.18.0' ],
49 silly audit   'resolve-from': [ '4.0.0' ],
49 silly audit   rollup: [ '4.53.3' ],
49 silly audit   scheduler: [ '0.27.0' ],
49 silly audit   semver: [ '6.3.1' ],
49 silly audit   'shebang-command': [ '2.0.0' ],
49 silly audit   'shebang-regex': [ '3.0.0' ],
49 silly audit   'source-map-js': [ '1.2.1' ],
49 silly audit   'strip-json-comments': [ '3.1.1' ],
49 silly audit   'supports-color': [ '7.2.0' ],
49 silly audit   tinyglobby: [ '0.2.15' ],
49 silly audit   'type-check': [ '0.4.0' ],
49 silly audit   'update-browserslist-db': [ '1.1.4' ],
49 silly audit   'uri-js': [ '4.4.1' ],
49 silly audit   vite: [ '7.2.2' ],
49 silly audit   which: [ '2.0.2' ],
49 silly audit   'word-wrap': [ '1.2.5' ],
49 silly audit   yallist: [ '3.1.1' ],
49 silly audit   'yocto-queue': [ '0.1.0' ],
49 silly audit   zod: [ '4.1.12' ],
49 silly audit   'zod-validation-error': [ '4.0.2' ],
49 silly audit   autoprefixer: [ '10.4.22' ],
49 silly audit   postcss: [ '8.5.6' ],
49 silly audit   tailwindcss: [ '4.1.17' ],
49 silly audit   'fraction.js': [ '5.3.4' ],
49 silly audit   'normalize-range': [ '0.1.2' ],
49 silly audit   'postcss-value-parser': [ '4.2.0' ]
49 silly audit }
50 verbose reify failed optional dependency /Users/bethegnt/Documents/app/node_modules/@rollup/rollup-win32-x64-msvc
51 silly reify mark deleted [
51 silly reify   '/Users/bethegnt/Documents/app/node_modules/@rollup/rollup-win32-x64-msvc'
51 silly reify ]
52 verbose reify failed optional dependency /Users/bethegnt/Documents/app/node_modules/@rollup/rollup-win32-x64-gnu
53 silly reify mark deleted [
53 silly reify   '/Users/bethegnt/Documents/app/node_modules/@rollup/rollup-win32-x64-gnu'
53 silly reify ]
54 verbose reify failed optional dependency /Users/bethegnt/Documents/app/node_modules/@rollup/rollup-win32-ia32-msvc
55 silly reify mark deleted [
55 silly reify   '/Users/bethegnt/Documents/app/node_modules/@rollup/rollup-win32-ia32-msvc'
55 silly reify ]
56 verbose reify failed optional dependency /Users/bethegnt/Documents/app/node_modules/@rollup/rollup-win32-arm64-msvc
57 silly reify mark deleted [
57 silly reify   '/Users/bethegnt/Documents/app/node_modules/@rollup/rollup-win32-arm64-msvc'
57 silly reify ]
58 verbose reify failed optional dependency /Users/bethegnt/Documents/app/node_modules/@rollup/rollup-openharmony-arm64
59 silly reify mark deleted [
59 silly reify   '/Users/bethegnt/Documents/app/node_modules/@rollup/rollup-openharmony-arm64'
59 silly reify ]
60 verbose reify failed optional dependency /Users/bethegnt/Documents/app/node_modules/@rollup/rollup-linux-x64-musl
61 silly reify mark deleted [
61 silly reify   '/Users/bethegnt/Documents/app/node_modules/@rollup/rollup-linux-x64-musl'
61 silly reify ]
62 verbose reify failed optional dependency /Users/bethegnt/Documents/app/node_modules/@rollup/rollup-linux-x64-gnu
63 silly reify mark deleted [
63 silly reify   '/Users/bethegnt/Documents/app/node_modules/@rollup/rollup-linux-x64-gnu'
63 silly reify ]
64 verbose reify failed optional dependency /Users/bethegnt/Documents/app/node_modules/@rollup/rollup-linux-s390x-gnu
65 silly reify mark deleted [
65 silly reify   '/Users/bethegnt/Documents/app/node_modules/@rollup/rollup-linux-s390x-gnu'
65 silly reify ]
66 verbose reify failed optional dependency /Users/bethegnt/Documents/app/node_modules/@rollup/rollup-linux-riscv64-musl
67 silly reify mark deleted [
67 silly reify   '/Users/bethegnt/Documents/app/node_modules/@rollup/rollup-linux-riscv64-musl'
67 silly reify ]
68 verbose reify failed optional dependency /Users/bethegnt/Documents/app/node_modules/@rollup/rollup-linux-riscv64-gnu
69 silly reify mark deleted [
69 silly reify   '/Users/bethegnt/Documents/app/node_modules/@rollup/rollup-linux-riscv64-gnu'
69 silly reify ]
70 verbose reify failed optional dependency /Users/bethegnt/Documents/app/node_modules/@rollup/rollup-linux-ppc64-gnu
71 silly reify mark deleted [
71 silly reify   '/Users/bethegnt/Documents/app/node_modules/@rollup/rollup-linux-ppc64-gnu'
71 silly reify ]
72 verbose reify failed optional dependency /Users/bethegnt/Documents/app/node_modules/@rollup/rollup-linux-loong64-gnu
73 silly reify mark deleted [
73 silly reify   '/Users/bethegnt/Documents/app/node_modules/@rollup/rollup-linux-loong64-gnu'
73 silly reify ]
74 verbose reify failed optional dependency /Users/bethegnt/Documents/app/node_modules/@rollup/rollup-linux-arm64-musl
75 silly reify mark deleted [
75 silly reify   '/Users/bethegnt/Documents/app/node_modules/@rollup/rollup-linux-arm64-musl'
75 silly reify ]
76 verbose reify failed optional dependency /Users/bethegnt/Documents/app/node_modules/@rollup/rollup-linux-arm64-gnu
77 silly reify mark deleted [
77 silly reify   '/Users/bethegnt/Documents/app/node_modules/@rollup/rollup-linux-arm64-gnu'
77 silly reify ]
78 verbose reify failed optional dependency /Users/bethegnt/Documents/app/node_modules/@rollup/rollup-linux-arm-musleabihf
79 silly reify mark deleted [
79 silly reify   '/Users/bethegnt/Documents/app/node_modules/@rollup/rollup-linux-arm-musleabihf'
79 silly reify ]
80 verbose reify failed optional dependency /Users/bethegnt/Documents/app/node_modules/@rollup/rollup-linux-arm-gnueabihf
81 silly reify mark deleted [
81 silly reify   '/Users/bethegnt/Documents/app/node_modules/@rollup/rollup-linux-arm-gnueabihf'
81 silly reify ]
82 verbose reify failed optional dependency /Users/bethegnt/Documents/app/node_modules/@rollup/rollup-freebsd-x64
83 silly reify mark deleted [
83 silly reify   '/Users/bethegnt/Documents/app/node_modules/@rollup/rollup-freebsd-x64'
83 silly reify ]
84 verbose reify failed optional dependency /Users/bethegnt/Documents/app/node_modules/@rollup/rollup-freebsd-arm64
85 silly reify mark deleted [
85 silly reify   '/Users/bethegnt/Documents/app/node_modules/@rollup/rollup-freebsd-arm64'
85 silly reify ]
86 verbose reify failed optional dependency /Users/bethegnt/Documents/app/node_modules/@rollup/rollup-darwin-x64
87 silly reify mark deleted [
87 silly reify   '/Users/bethegnt/Documents/app/node_modules/@rollup/rollup-darwin-x64'
87 silly reify ]
88 verbose reify failed optional dependency /Users/bethegnt/Documents/app/node_modules/@rollup/rollup-android-arm64
89 silly reify mark deleted [
89 silly reify   '/Users/bethegnt/Documents/app/node_modules/@rollup/rollup-android-arm64'
89 silly reify ]
90 verbose reify failed optional dependency /Users/bethegnt/Documents/app/node_modules/@rollup/rollup-android-arm-eabi
91 silly reify mark deleted [
91 silly reify   '/Users/bethegnt/Documents/app/node_modules/@rollup/rollup-android-arm-eabi'
91 silly reify ]
92 verbose reify failed optional dependency /Users/bethegnt/Documents/app/node_modules/@esbuild/win32-x64
93 silly reify mark deleted [ '/Users/bethegnt/Documents/app/node_modules/@esbuild/win32-x64' ]
94 verbose reify failed optional dependency /Users/bethegnt/Documents/app/node_modules/@esbuild/win32-ia32
95 silly reify mark deleted [ '/Users/bethegnt/Documents/app/node_modules/@esbuild/win32-ia32' ]
96 verbose reify failed optional dependency /Users/bethegnt/Documents/app/node_modules/@esbuild/win32-arm64
97 silly reify mark deleted [ '/Users/bethegnt/Documents/app/node_modules/@esbuild/win32-arm64' ]
98 verbose reify failed optional dependency /Users/bethegnt/Documents/app/node_modules/@esbuild/sunos-x64
99 silly reify mark deleted [ '/Users/bethegnt/Documents/app/node_modules/@esbuild/sunos-x64' ]
100 verbose reify failed optional dependency /Users/bethegnt/Documents/app/node_modules/@esbuild/openharmony-arm64
101 silly reify mark deleted [
101 silly reify   '/Users/bethegnt/Documents/app/node_modules/@esbuild/openharmony-arm64'
101 silly reify ]
102 verbose reify failed optional dependency /Users/bethegnt/Documents/app/node_modules/@esbuild/openbsd-x64
103 silly reify mark deleted [ '/Users/bethegnt/Documents/app/node_modules/@esbuild/openbsd-x64' ]
104 verbose reify failed optional dependency /Users/bethegnt/Documents/app/node_modules/@esbuild/openbsd-arm64
105 silly reify mark deleted [ '/Users/bethegnt/Documents/app/node_modules/@esbuild/openbsd-arm64' ]
106 verbose reify failed optional dependency /Users/bethegnt/Documents/app/node_modules/@esbuild/netbsd-x64
107 silly reify mark deleted [ '/Users/bethegnt/Documents/app/node_modules/@esbuild/netbsd-x64' ]
108 verbose reify failed optional dependency /Users/bethegnt/Documents/app/node_modules/@esbuild/netbsd-arm64
109 silly reify mark deleted [ '/Users/bethegnt/Documents/app/node_modules/@esbuild/netbsd-arm64' ]
110 verbose reify failed optional dependency /Users/bethegnt/Documents/app/node_modules/@esbuild/linux-x64
111 silly reify mark deleted [ '/Users/bethegnt/Documents/app/node_modules/@esbuild/linux-x64' ]
112 verbose reify failed optional dependency /Users/bethegnt/Documents/app/node_modules/@esbuild/linux-s390x
113 silly reify mark deleted [ '/Users/bethegnt/Documents/app/node_modules/@esbuild/linux-s390x' ]
114 verbose reify failed optional dependency /Users/bethegnt/Documents/app/node_modules/@esbuild/linux-riscv64
115 silly reify mark deleted [ '/Users/bethegnt/Documents/app/node_modules/@esbuild/linux-riscv64' ]
116 verbose reify failed optional dependency /Users/bethegnt/Documents/app/node_modules/@esbuild/linux-ppc64
117 silly reify mark deleted [ '/Users/bethegnt/Documents/app/node_modules/@esbuild/linux-ppc64' ]
118 verbose reify failed optional dependency /Users/bethegnt/Documents/app/node_modules/@esbuild/linux-mips64el
119 silly reify mark deleted [
119 silly reify   '/Users/bethegnt/Documents/app/node_modules/@esbuild/linux-mips64el'
119 silly reify ]
120 verbose reify failed optional dependency /Users/bethegnt/Documents/app/node_modules/@esbuild/linux-loong64
121 silly reify mark deleted [ '/Users/bethegnt/Documents/app/node_modules/@esbuild/linux-loong64' ]
122 verbose reify failed optional dependency /Users/bethegnt/Documents/app/node_modules/@esbuild/linux-ia32
123 silly reify mark deleted [ '/Users/bethegnt/Documents/app/node_modules/@esbuild/linux-ia32' ]
124 verbose reify failed optional dependency /Users/bethegnt/Documents/app/node_modules/@esbuild/linux-arm64
125 silly reify mark deleted [ '/Users/bethegnt/Documents/app/node_modules/@esbuild/linux-arm64' ]
126 verbose reify failed optional dependency /Users/bethegnt/Documents/app/node_modules/@esbuild/linux-arm
127 silly reify mark deleted [ '/Users/bethegnt/Documents/app/node_modules/@esbuild/linux-arm' ]
128 verbose reify failed optional dependency /Users/bethegnt/Documents/app/node_modules/@esbuild/freebsd-x64
129 silly reify mark deleted [ '/Users/bethegnt/Documents/app/node_modules/@esbuild/freebsd-x64' ]
130 verbose reify failed optional dependency /Users/bethegnt/Documents/app/node_modules/@esbuild/freebsd-arm64
131 silly reify mark deleted [ '/Users/bethegnt/Documents/app/node_modules/@esbuild/freebsd-arm64' ]
132 verbose reify failed optional dependency /Users/bethegnt/Documents/app/node_modules/@esbuild/darwin-x64
133 silly reify mark deleted [ '/Users/bethegnt/Documents/app/node_modules/@esbuild/darwin-x64' ]
134 verbose reify failed optional dependency /Users/bethegnt/Documents/app/node_modules/@esbuild/android-x64
135 silly reify mark deleted [ '/Users/bethegnt/Documents/app/node_modules/@esbuild/android-x64' ]
136 verbose reify failed optional dependency /Users/bethegnt/Documents/app/node_modules/@esbuild/android-arm64
137 silly reify mark deleted [ '/Users/bethegnt/Documents/app/node_modules/@esbuild/android-arm64' ]
138 verbose reify failed optional dependency /Users/bethegnt/Documents/app/node_modules/@esbuild/android-arm
139 silly reify mark deleted [ '/Users/bethegnt/Documents/app/node_modules/@esbuild/android-arm' ]
140 verbose reify failed optional dependency /Users/bethegnt/Documents/app/node_modules/@esbuild/aix-ppc64
141 silly reify mark deleted [ '/Users/bethegnt/Documents/app/node_modules/@esbuild/aix-ppc64' ]
142 silly tarball no local data for normalize-range@https://registry.npmjs.org/normalize-range/-/normalize-range-0.1.2.tgz. Extracting by manifest.
143 silly tarball no local data for fraction.js@https://registry.npmjs.org/fraction.js/-/fraction.js-5.3.4.tgz. Extracting by manifest.
144 silly tarball no local data for postcss-value-parser@https://registry.npmjs.org/postcss-value-parser/-/postcss-value-parser-4.2.0.tgz. Extracting by manifest.
145 silly tarball no local data for autoprefixer@https://registry.npmjs.org/autoprefixer/-/autoprefixer-10.4.22.tgz. Extracting by manifest.
146 silly tarball no local data for tailwindcss@https://registry.npmjs.org/tailwindcss/-/tailwindcss-4.1.17.tgz. Extracting by manifest.
147 http fetch GET 200 https://registry.npmjs.org/normalize-range/-/normalize-range-0.1.2.tgz 45ms (cache miss)
148 http fetch GET 200 https://registry.npmjs.org/fraction.js/-/fraction.js-5.3.4.tgz 65ms (cache miss)
149 http fetch GET 200 https://registry.npmjs.org/postcss-value-parser/-/postcss-value-parser-4.2.0.tgz 124ms (cache miss)
150 http fetch GET 200 https://registry.npmjs.org/autoprefixer/-/autoprefixer-10.4.22.tgz 147ms (cache miss)
151 http fetch GET 200 https://registry.npmjs.org/tailwindcss/-/tailwindcss-4.1.17.tgz 147ms (cache miss)
152 http fetch POST 200 https://registry.npmjs.org/-/npm/v1/security/advisories/bulk 331ms
153 silly audit report {}
154 silly ADD node_modules/postcss-value-parser
155 silly ADD node_modules/normalize-range
156 silly ADD node_modules/fraction.js
157 silly ADD node_modules/tailwindcss
158 silly ADD node_modules/autoprefixer
159 silly ADD node_modules/fsevents
160 silly ADD
161 silly ADD
162 silly ADD
163 silly ADD
164 silly ADD
165 silly ADD
166 silly ADD
167 silly ADD
168 silly ADD
169 silly ADD
170 silly ADD
171 silly ADD
172 silly ADD
173 silly ADD
174 silly ADD
175 silly ADD
176 silly ADD
177 silly ADD
178 silly ADD
179 silly ADD
180 silly ADD
181 silly ADD
182 silly ADD
183 silly ADD
184 silly ADD
185 silly ADD
186 silly ADD
187 silly ADD
188 silly ADD
189 silly ADD
190 silly ADD
191 silly ADD
192 silly ADD
193 silly ADD
194 silly ADD
195 silly ADD
196 silly ADD
197 silly ADD
198 silly ADD
199 silly ADD
200 silly ADD
201 silly ADD
202 silly ADD
203 silly ADD
204 silly ADD
205 silly ADD
206 verbose cwd /Users/bethegnt/Documents/app
207 verbose os Darwin 25.1.0
208 verbose node v22.11.0
209 verbose npm  v10.9.0
210 verbose exit 0
211 info ok
